{"G:\\plugg\\webbteknik 6\\Projekt\\mitt-fullstack-projekt\\frontend\\babel.config.js": {"path":"G:\\plugg\\webbteknik 6\\Projekt\\mitt-fullstack-projekt\\frontend\\babel.config.js","statementMap":{"0":{"start":{"line":1,"column":0},"end":{"line":5,"column":1}}},"fnMap":{},"branchMap":{},"s":{"0":0},"f":{},"b":{}}
,"G:\\plugg\\webbteknik 6\\Projekt\\mitt-fullstack-projekt\\frontend\\jest.config.js": {"path":"G:\\plugg\\webbteknik 6\\Projekt\\mitt-fullstack-projekt\\frontend\\jest.config.js","statementMap":{"0":{"start":{"line":1,"column":0},"end":{"line":17,"column":2}}},"fnMap":{},"branchMap":{},"s":{"0":0},"f":{},"b":{}}
,"G:\\plugg\\webbteknik 6\\Projekt\\mitt-fullstack-projekt\\frontend\\vue.config.js": {"path":"G:\\plugg\\webbteknik 6\\Projekt\\mitt-fullstack-projekt\\frontend\\vue.config.js","statementMap":{"0":{"start":{"line":1,"column":25},"end":{"line":1,"column":52}},"1":{"start":{"line":2,"column":0},"end":{"line":4,"column":2}}},"fnMap":{},"branchMap":{},"s":{"0":0,"1":0},"f":{},"b":{}}
,"G:\\plugg\\webbteknik 6\\Projekt\\mitt-fullstack-projekt\\frontend\\coverage\\lcov-report\\block-navigation.js": {"path":"G:\\plugg\\webbteknik 6\\Projekt\\mitt-fullstack-projekt\\frontend\\coverage\\lcov-report\\block-navigation.js","statementMap":{"0":{"start":{"line":2,"column":17},"end":{"line":86,"column":4}},"1":{"start":{"line":4,"column":33},"end":{"line":4,"column":74}},"2":{"start":{"line":7,"column":30},"end":{"line":7,"column":44}},"3":{"start":{"line":10,"column":22},"end":{"line":10,"column":78}},"4":{"start":{"line":14,"column":8},"end":{"line":17,"column":55}},"5":{"start":{"line":20,"column":34},"end":{"line":20,"column":69}},"6":{"start":{"line":25,"column":8},"end":{"line":27,"column":45}},"7":{"start":{"line":28,"column":8},"end":{"line":28,"column":73}},"8":{"start":{"line":32,"column":8},"end":{"line":32,"column":27}},"9":{"start":{"line":33,"column":8},"end":{"line":33,"column":29}},"10":{"start":{"line":34,"column":8},"end":{"line":38,"column":11}},"11":{"start":{"line":42,"column":24},"end":{"line":42,"column":25}},"12":{"start":{"line":43,"column":8},"end":{"line":47,"column":9}},"13":{"start":{"line":44,"column":12},"end":{"line":44,"column":59}},"14":{"start":{"line":45,"column":15},"end":{"line":47,"column":9}},"15":{"start":{"line":46,"column":12},"end":{"line":46,"column":41}},"16":{"start":{"line":49,"column":8},"end":{"line":49,"column":31}},"17":{"start":{"line":53,"column":24},"end":{"line":53,"column":25}},"18":{"start":{"line":55,"column":8},"end":{"line":60,"column":9}},"19":{"start":{"line":59,"column":12},"end":{"line":59,"column":41}},"20":{"start":{"line":62,"column":8},"end":{"line":62,"column":31}},"21":{"start":{"line":65,"column":4},"end":{"line":85,"column":6}},"22":{"start":{"line":66,"column":8},"end":{"line":72,"column":9}},"23":{"start":{"line":71,"column":12},"end":{"line":71,"column":19}},"24":{"start":{"line":74,"column":8},"end":{"line":84,"column":9}},"25":{"start":{"line":77,"column":16},"end":{"line":77,"column":27}},"26":{"start":{"line":78,"column":16},"end":{"line":78,"column":22}},"27":{"start":{"line":82,"column":16},"end":{"line":82,"column":31}},"28":{"start":{"line":83,"column":16},"end":{"line":83,"column":22}},"29":{"start":{"line":87,"column":0},"end":{"line":87,"column":47}}},"fnMap":{"0":{"name":"init","decl":{"start":{"line":2,"column":27},"end":{"line":2,"column":31}},"loc":{"start":{"line":2,"column":34},"end":{"line":86,"column":1}},"line":2},"1":{"name":"toggleClass","decl":{"start":{"line":24,"column":13},"end":{"line":24,"column":24}},"loc":{"start":{"line":24,"column":32},"end":{"line":29,"column":5}},"line":24},"2":{"name":"makeCurrent","decl":{"start":{"line":31,"column":13},"end":{"line":31,"column":24}},"loc":{"start":{"line":31,"column":32},"end":{"line":39,"column":5}},"line":31},"3":{"name":"goToPrevious","decl":{"start":{"line":41,"column":13},"end":{"line":41,"column":25}},"loc":{"start":{"line":41,"column":28},"end":{"line":50,"column":5}},"line":41},"4":{"name":"goToNext","decl":{"start":{"line":52,"column":13},"end":{"line":52,"column":21}},"loc":{"start":{"line":52,"column":24},"end":{"line":63,"column":5}},"line":52},"5":{"name":"jump","decl":{"start":{"line":65,"column":20},"end":{"line":65,"column":24}},"loc":{"start":{"line":65,"column":32},"end":{"line":85,"column":5}},"line":65}},"branchMap":{"0":{"loc":{"start":{"line":43,"column":8},"end":{"line":47,"column":9}},"type":"if","locations":[{"start":{"line":43,"column":8},"end":{"line":47,"column":9}},{"start":{"line":45,"column":15},"end":{"line":47,"column":9}}],"line":43},"1":{"loc":{"start":{"line":43,"column":12},"end":{"line":43,"column":66}},"type":"binary-expr","locations":[{"start":{"line":43,"column":12},"end":{"line":43,"column":44}},{"start":{"line":43,"column":48},"end":{"line":43,"column":66}}],"line":43},"2":{"loc":{"start":{"line":45,"column":15},"end":{"line":47,"column":9}},"type":"if","locations":[{"start":{"line":45,"column":15},"end":{"line":47,"column":9}},{"start":{},"end":{}}],"line":45},"3":{"loc":{"start":{"line":55,"column":8},"end":{"line":60,"column":9}},"type":"if","locations":[{"start":{"line":55,"column":8},"end":{"line":60,"column":9}},{"start":{},"end":{}}],"line":55},"4":{"loc":{"start":{"line":56,"column":12},"end":{"line":57,"column":61}},"type":"binary-expr","locations":[{"start":{"line":56,"column":12},"end":{"line":56,"column":44}},{"start":{"line":57,"column":12},"end":{"line":57,"column":61}}],"line":56},"5":{"loc":{"start":{"line":66,"column":8},"end":{"line":72,"column":9}},"type":"if","locations":[{"start":{"line":66,"column":8},"end":{"line":72,"column":9}},{"start":{},"end":{}}],"line":66},"6":{"loc":{"start":{"line":67,"column":12},"end":{"line":68,"column":42}},"type":"binary-expr","locations":[{"start":{"line":67,"column":12},"end":{"line":67,"column":76}},{"start":{"line":68,"column":12},"end":{"line":68,"column":42}}],"line":67},"7":{"loc":{"start":{"line":74,"column":8},"end":{"line":84,"column":9}},"type":"switch","locations":[{"start":{"line":75,"column":12},"end":{"line":75,"column":20}},{"start":{"line":76,"column":12},"end":{"line":78,"column":22}},{"start":{"line":79,"column":12},"end":{"line":79,"column":20}},{"start":{"line":80,"column":12},"end":{"line":80,"column":20}},{"start":{"line":81,"column":12},"end":{"line":83,"column":22}}],"line":74}},"s":{"0":0,"1":0,"2":0,"3":0,"4":0,"5":0,"6":0,"7":0,"8":0,"9":0,"10":0,"11":0,"12":0,"13":0,"14":0,"15":0,"16":0,"17":0,"18":0,"19":0,"20":0,"21":0,"22":0,"23":0,"24":0,"25":0,"26":0,"27":0,"28":0,"29":0},"f":{"0":0,"1":0,"2":0,"3":0,"4":0,"5":0},"b":{"0":[0,0],"1":[0,0],"2":[0,0],"3":[0,0],"4":[0,0],"5":[0,0],"6":[0,0],"7":[0,0,0,0,0]}}
,"G:\\plugg\\webbteknik 6\\Projekt\\mitt-fullstack-projekt\\frontend\\coverage\\lcov-report\\prettify.js": {"path":"G:\\plugg\\webbteknik 6\\Projekt\\mitt-fullstack-projekt\\frontend\\coverage\\lcov-report\\prettify.js","statementMap":{"0":{"start":{"line":2,"column":0},"end":{"line":2,"column":39}},"1":{"start":{"line":2,"column":39},"end":{"line":2,"column":15785}},"2":{"start":{"line":2,"column":57},"end":{"line":2,"column":103}},"3":{"start":{"line":2,"column":110},"end":{"line":2,"column":270}},"4":{"start":{"line":2,"column":277},"end":{"line":2,"column":379}},"5":{"start":{"line":2,"column":386},"end":{"line":2,"column":644}},"6":{"start":{"line":2,"column":651},"end":{"line":2,"column":794}},"7":{"start":{"line":2,"column":801},"end":{"line":2,"column":1069}},"8":{"start":{"line":2,"column":1076},"end":{"line":2,"column":1234}},"9":{"start":{"line":2,"column":1241},"end":{"line":2,"column":1321}},"10":{"start":{"line":2,"column":1328},"end":{"line":2,"column":1504}},"11":{"start":{"line":2,"column":1511},"end":{"line":2,"column":1665}},"12":{"start":{"line":2,"column":1672},"end":{"line":2,"column":1844}},"13":{"start":{"line":2,"column":1851},"end":{"line":2,"column":1917}},"14":{"start":{"line":2,"column":1924},"end":{"line":2,"column":1939}},"15":{"start":{"line":2,"column":1946},"end":{"line":2,"column":2058}},"16":{"start":{"line":2,"column":2065},"end":{"line":2,"column":2070}},"17":{"start":{"line":2,"column":2077},"end":{"line":2,"column":2082}},"18":{"start":{"line":2,"column":2089},"end":{"line":2,"column":2094}},"19":{"start":{"line":2,"column":2101},"end":{"line":2,"column":2106}},"20":{"start":{"line":2,"column":2113},"end":{"line":2,"column":2118}},"21":{"start":{"line":2,"column":2125},"end":{"line":2,"column":2130}},"22":{"start":{"line":2,"column":2137},"end":{"line":2,"column":2142}},"23":{"start":{"line":2,"column":2149},"end":{"line":2,"column":2154}},"24":{"start":{"line":2,"column":2161},"end":{"line":2,"column":2166}},"25":{"start":{"line":2,"column":2173},"end":{"line":2,"column":2178}},"26":{"start":{"line":2,"column":2185},"end":{"line":2,"column":2190}},"27":{"start":{"line":2,"column":2197},"end":{"line":2,"column":2202}},"28":{"start":{"line":2,"column":2209},"end":{"line":2,"column":2217}},"29":{"start":{"line":2,"column":2224},"end":{"line":2,"column":2523}},"30":{"start":{"line":2,"column":2545},"end":{"line":2,"column":2546}},"31":{"start":{"line":2,"column":2553},"end":{"line":2,"column":2558}},"32":{"start":{"line":2,"column":2566},"end":{"line":2,"column":2571}},"33":{"start":{"line":2,"column":2572},"end":{"line":2,"column":2754}},"34":{"start":{"line":2,"column":2582},"end":{"line":2,"column":2583}},"35":{"start":{"line":2,"column":2586},"end":{"line":2,"column":2594}},"36":{"start":{"line":2,"column":2611},"end":{"line":2,"column":2615}},"37":{"start":{"line":2,"column":2616},"end":{"line":2,"column":2753}},"38":{"start":{"line":2,"column":2634},"end":{"line":2,"column":2641}},"39":{"start":{"line":2,"column":2647},"end":{"line":2,"column":2752}},"40":{"start":{"line":2,"column":2730},"end":{"line":2,"column":2737}},"41":{"start":{"line":2,"column":2737},"end":{"line":2,"column":2746}},"42":{"start":{"line":2,"column":2746},"end":{"line":2,"column":2751}},"43":{"start":{"line":2,"column":2760},"end":{"line":2,"column":2789}},"44":{"start":{"line":2,"column":2813},"end":{"line":2,"column":2829}},"45":{"start":{"line":2,"column":2830},"end":{"line":2,"column":2852}},"46":{"start":{"line":2,"column":2842},"end":{"line":2,"column":2851}},"47":{"start":{"line":2,"column":2859},"end":{"line":2,"column":2871}},"48":{"start":{"line":2,"column":2872},"end":{"line":2,"column":2881}},"49":{"start":{"line":2,"column":2881},"end":{"line":2,"column":3054}},"50":{"start":{"line":2,"column":2888},"end":{"line":2,"column":2897}},"51":{"start":{"line":2,"column":2903},"end":{"line":2,"column":3053}},"52":{"start":{"line":2,"column":2924},"end":{"line":2,"column":2958}},"53":{"start":{"line":2,"column":2964},"end":{"line":2,"column":3052}},"54":{"start":{"line":2,"column":2987},"end":{"line":2,"column":3022}},"55":{"start":{"line":2,"column":3028},"end":{"line":2,"column":3051}},"56":{"start":{"line":2,"column":3070},"end":{"line":2,"column":3123}},"57":{"start":{"line":2,"column":3080},"end":{"line":2,"column":3122}},"58":{"start":{"line":2,"column":3130},"end":{"line":2,"column":3153}},"59":{"start":{"line":2,"column":3154},"end":{"line":2,"column":3209}},"60":{"start":{"line":2,"column":3198},"end":{"line":2,"column":3208}},"61":{"start":{"line":2,"column":3209},"end":{"line":2,"column":3218}},"62":{"start":{"line":2,"column":3241},"end":{"line":2,"column":3392}},"63":{"start":{"line":2,"column":3400},"end":{"line":2,"column":3402}},"64":{"start":{"line":2,"column":3410},"end":{"line":2,"column":3412}},"65":{"start":{"line":2,"column":3420},"end":{"line":2,"column":3431}},"66":{"start":{"line":2,"column":3432},"end":{"line":2,"column":3796}},"67":{"start":{"line":2,"column":3443},"end":{"line":2,"column":3449}},"68":{"start":{"line":2,"column":3453},"end":{"line":2,"column":3462}},"69":{"start":{"line":2,"column":3482},"end":{"line":2,"column":3488}},"70":{"start":{"line":2,"column":3489},"end":{"line":2,"column":3795}},"71":{"start":{"line":2,"column":3514},"end":{"line":2,"column":3525}},"72":{"start":{"line":2,"column":3538},"end":{"line":2,"column":3544}},"73":{"start":{"line":2,"column":3552},"end":{"line":2,"column":3613}},"74":{"start":{"line":2,"column":3580},"end":{"line":2,"column":3596}},"75":{"start":{"line":2,"column":3596},"end":{"line":2,"column":3601}},"76":{"start":{"line":2,"column":3607},"end":{"line":2,"column":3612}},"77":{"start":{"line":2,"column":3613},"end":{"line":2,"column":3630}},"78":{"start":{"line":2,"column":3630},"end":{"line":2,"column":3794}},"79":{"start":{"line":2,"column":3651},"end":{"line":2,"column":3720}},"80":{"start":{"line":2,"column":3671},"end":{"line":2,"column":3719}},"81":{"start":{"line":2,"column":3720},"end":{"line":2,"column":3793}},"82":{"start":{"line":2,"column":3741},"end":{"line":2,"column":3792}},"83":{"start":{"line":2,"column":3796},"end":{"line":2,"column":3857}},"84":{"start":{"line":2,"column":3820},"end":{"line":2,"column":3854}},"85":{"start":{"line":2,"column":3864},"end":{"line":2,"column":3866}},"86":{"start":{"line":2,"column":3874},"end":{"line":2,"column":3883}},"87":{"start":{"line":2,"column":3884},"end":{"line":2,"column":3998}},"88":{"start":{"line":2,"column":3895},"end":{"line":2,"column":3896}},"89":{"start":{"line":2,"column":3923},"end":{"line":2,"column":3929}},"90":{"start":{"line":2,"column":3930},"end":{"line":2,"column":3997}},"91":{"start":{"line":2,"column":3949},"end":{"line":2,"column":3976}},"92":{"start":{"line":2,"column":3982},"end":{"line":2,"column":3996}},"93":{"start":{"line":2,"column":4005},"end":{"line":2,"column":4010}},"94":{"start":{"line":2,"column":4011},"end":{"line":2,"column":4031}},"95":{"start":{"line":2,"column":4018},"end":{"line":2,"column":4030}},"96":{"start":{"line":2,"column":4031},"end":{"line":2,"column":4052}},"97":{"start":{"line":2,"column":4052},"end":{"line":2,"column":4182}},"98":{"start":{"line":2,"column":4063},"end":{"line":2,"column":4064}},"99":{"start":{"line":2,"column":4091},"end":{"line":2,"column":4097}},"100":{"start":{"line":2,"column":4098},"end":{"line":2,"column":4116}},"101":{"start":{"line":2,"column":4116},"end":{"line":2,"column":4181}},"102":{"start":{"line":2,"column":4132},"end":{"line":2,"column":4163}},"103":{"start":{"line":2,"column":4150},"end":{"line":2,"column":4162}},"104":{"start":{"line":2,"column":4163},"end":{"line":2,"column":4180}},"105":{"start":{"line":2,"column":4182},"end":{"line":2,"column":4195}},"106":{"start":{"line":2,"column":4195},"end":{"line":2,"column":4213}},"107":{"start":{"line":2,"column":4236},"end":{"line":2,"column":4424}},"108":{"start":{"line":2,"column":4432},"end":{"line":2,"column":4441}},"109":{"start":{"line":2,"column":4449},"end":{"line":2,"column":4451}},"110":{"start":{"line":2,"column":4452},"end":{"line":2,"column":4595}},"111":{"start":{"line":2,"column":4463},"end":{"line":2,"column":4464}},"112":{"start":{"line":2,"column":4468},"end":{"line":2,"column":4469}},"113":{"start":{"line":2,"column":4489},"end":{"line":2,"column":4495}},"114":{"start":{"line":2,"column":4496},"end":{"line":2,"column":4594}},"115":{"start":{"line":2,"column":4509},"end":{"line":2,"column":4513}},"116":{"start":{"line":2,"column":4519},"end":{"line":2,"column":4593}},"117":{"start":{"line":2,"column":4550},"end":{"line":2,"column":4566}},"118":{"start":{"line":2,"column":4567},"end":{"line":2,"column":4592}},"119":{"start":{"line":2,"column":4582},"end":{"line":2,"column":4591}},"120":{"start":{"line":2,"column":4595},"end":{"line":2,"column":4656}},"121":{"start":{"line":2,"column":4606},"end":{"line":2,"column":4607}},"122":{"start":{"line":2,"column":4627},"end":{"line":2,"column":4655}},"123":{"start":{"line":2,"column":4643},"end":{"line":2,"column":4654}},"124":{"start":{"line":2,"column":4656},"end":{"line":2,"column":4845}},"125":{"start":{"line":2,"column":4667},"end":{"line":2,"column":4668}},"126":{"start":{"line":2,"column":4672},"end":{"line":2,"column":4673}},"127":{"start":{"line":2,"column":4693},"end":{"line":2,"column":4699}},"128":{"start":{"line":2,"column":4700},"end":{"line":2,"column":4844}},"129":{"start":{"line":2,"column":4713},"end":{"line":2,"column":4718}},"130":{"start":{"line":2,"column":4718},"end":{"line":2,"column":4754}},"131":{"start":{"line":2,"column":4741},"end":{"line":2,"column":4753}},"132":{"start":{"line":2,"column":4760},"end":{"line":2,"column":4843}},"133":{"start":{"line":2,"column":4791},"end":{"line":2,"column":4807}},"134":{"start":{"line":2,"column":4808},"end":{"line":2,"column":4842}},"135":{"start":{"line":2,"column":4823},"end":{"line":2,"column":4841}},"136":{"start":{"line":2,"column":4845},"end":{"line":2,"column":4919}},"137":{"start":{"line":2,"column":4856},"end":{"line":2,"column":4857}},"138":{"start":{"line":2,"column":4861},"end":{"line":2,"column":4862}},"139":{"start":{"line":2,"column":4875},"end":{"line":2,"column":4918}},"140":{"start":{"line":2,"column":4908},"end":{"line":2,"column":4917}},"141":{"start":{"line":2,"column":4919},"end":{"line":2,"column":5178}},"142":{"start":{"line":2,"column":4940},"end":{"line":2,"column":5177}},"143":{"start":{"line":2,"column":4951},"end":{"line":2,"column":4952}},"144":{"start":{"line":2,"column":4972},"end":{"line":2,"column":4978}},"145":{"start":{"line":2,"column":4986},"end":{"line":2,"column":4998}},"146":{"start":{"line":2,"column":4999},"end":{"line":2,"column":5176}},"147":{"start":{"line":2,"column":5026},"end":{"line":2,"column":5038}},"148":{"start":{"line":2,"column":5044},"end":{"line":2,"column":5175}},"149":{"start":{"line":2,"column":5058},"end":{"line":2,"column":5174}},"150":{"start":{"line":2,"column":5108},"end":{"line":2,"column":5124}},"151":{"start":{"line":2,"column":5125},"end":{"line":2,"column":5172}},"152":{"start":{"line":2,"column":5178},"end":{"line":2,"column":5196}},"153":{"start":{"line":2,"column":5204},"end":{"line":2,"column":5206}},"154":{"start":{"line":2,"column":5207},"end":{"line":2,"column":5327}},"155":{"start":{"line":2,"column":5217},"end":{"line":2,"column":5218}},"156":{"start":{"line":2,"column":5221},"end":{"line":2,"column":5229}},"157":{"start":{"line":2,"column":5246},"end":{"line":2,"column":5250}},"158":{"start":{"line":2,"column":5251},"end":{"line":2,"column":5302}},"159":{"start":{"line":2,"column":5279},"end":{"line":2,"column":5301}},"160":{"start":{"line":2,"column":5302},"end":{"line":2,"column":5326}},"161":{"start":{"line":2,"column":5327},"end":{"line":2,"column":5370}},"162":{"start":{"line":2,"column":5391},"end":{"line":2,"column":5415}},"163":{"start":{"line":2,"column":5422},"end":{"line":2,"column":5424}},"164":{"start":{"line":2,"column":5431},"end":{"line":2,"column":5432}},"165":{"start":{"line":2,"column":5439},"end":{"line":2,"column":5441}},"166":{"start":{"line":2,"column":5448},"end":{"line":2,"column":5449}},"167":{"start":{"line":2,"column":5456},"end":{"line":2,"column":5617}},"168":{"start":{"line":2,"column":5475},"end":{"line":2,"column":5502}},"169":{"start":{"line":2,"column":5508},"end":{"line":2,"column":5616}},"170":{"start":{"line":2,"column":5536},"end":{"line":2,"column":5615}},"171":{"start":{"line":2,"column":5623},"end":{"line":2,"column":5650}},"172":{"start":{"line":2,"column":5667},"end":{"line":2,"column":6045}},"173":{"start":{"line":2,"column":5694},"end":{"line":2,"column":5726}},"174":{"start":{"line":2,"column":5719},"end":{"line":2,"column":5725}},"175":{"start":{"line":2,"column":5726},"end":{"line":2,"column":5780}},"176":{"start":{"line":2,"column":5737},"end":{"line":2,"column":5750}},"177":{"start":{"line":2,"column":5773},"end":{"line":2,"column":5779}},"178":{"start":{"line":2,"column":5787},"end":{"line":2,"column":5798}},"179":{"start":{"line":2,"column":5799},"end":{"line":2,"column":5863}},"180":{"start":{"line":2,"column":5824},"end":{"line":2,"column":5834}},"181":{"start":{"line":2,"column":5834},"end":{"line":2,"column":5846}},"182":{"start":{"line":2,"column":5846},"end":{"line":2,"column":5862}},"183":{"start":{"line":2,"column":5863},"end":{"line":2,"column":5869}},"184":{"start":{"line":2,"column":5890},"end":{"line":2,"column":5902}},"185":{"start":{"line":2,"column":5903},"end":{"line":2,"column":6039}},"186":{"start":{"line":2,"column":5917},"end":{"line":2,"column":5991}},"187":{"start":{"line":2,"column":5924},"end":{"line":2,"column":5956}},"188":{"start":{"line":2,"column":5962},"end":{"line":2,"column":5990}},"189":{"start":{"line":2,"column":5991},"end":{"line":2,"column":5999}},"190":{"start":{"line":2,"column":5999},"end":{"line":2,"column":6009}},"191":{"start":{"line":2,"column":6009},"end":{"line":2,"column":6022}},"192":{"start":{"line":2,"column":6022},"end":{"line":2,"column":6038}},"193":{"start":{"line":2,"column":6039},"end":{"line":2,"column":6044}},"194":{"start":{"line":2,"column":6046},"end":{"line":2,"column":6052}},"195":{"start":{"line":2,"column":6052},"end":{"line":2,"column":6107}},"196":{"start":{"line":2,"column":6128},"end":{"line":2,"column":6142}},"197":{"start":{"line":2,"column":6135},"end":{"line":2,"column":6141}},"198":{"start":{"line":2,"column":6148},"end":{"line":2,"column":6172}},"199":{"start":{"line":2,"column":6173},"end":{"line":2,"column":6178}},"200":{"start":{"line":2,"column":6178},"end":{"line":2,"column":6207}},"201":{"start":{"line":2,"column":6214},"end":{"line":2,"column":6218}},"202":{"start":{"line":2,"column":6239},"end":{"line":2,"column":6248}},"203":{"start":{"line":2,"column":6249},"end":{"line":2,"column":6362}},"204":{"start":{"line":2,"column":6259},"end":{"line":2,"column":6271}},"205":{"start":{"line":2,"column":6297},"end":{"line":2,"column":6307}},"206":{"start":{"line":2,"column":6308},"end":{"line":2,"column":6361}},"207":{"start":{"line":2,"column":6362},"end":{"line":2,"column":6386}},"208":{"start":{"line":2,"column":6409},"end":{"line":2,"column":6411}},"209":{"start":{"line":2,"column":6418},"end":{"line":2,"column":6700}},"210":{"start":{"line":2,"column":6437},"end":{"line":2,"column":6448}},"211":{"start":{"line":2,"column":6456},"end":{"line":2,"column":6458}},"212":{"start":{"line":2,"column":6466},"end":{"line":2,"column":6468}},"213":{"start":{"line":2,"column":6469},"end":{"line":2,"column":6665}},"214":{"start":{"line":2,"column":6480},"end":{"line":2,"column":6481}},"215":{"start":{"line":2,"column":6484},"end":{"line":2,"column":6493}},"216":{"start":{"line":2,"column":6511},"end":{"line":2,"column":6517}},"217":{"start":{"line":2,"column":6525},"end":{"line":2,"column":6529}},"218":{"start":{"line":2,"column":6530},"end":{"line":2,"column":6588}},"219":{"start":{"line":2,"column":6537},"end":{"line":2,"column":6587}},"220":{"start":{"line":2,"column":6548},"end":{"line":2,"column":6557}},"221":{"start":{"line":2,"column":6568},"end":{"line":2,"column":6586}},"222":{"start":{"line":2,"column":6595},"end":{"line":2,"column":6599}},"223":{"start":{"line":2,"column":6607},"end":{"line":2,"column":6612}},"224":{"start":{"line":2,"column":6613},"end":{"line":2,"column":6664}},"225":{"start":{"line":2,"column":6640},"end":{"line":2,"column":6652}},"226":{"start":{"line":2,"column":6652},"end":{"line":2,"column":6663}},"227":{"start":{"line":2,"column":6665},"end":{"line":2,"column":6688}},"228":{"start":{"line":2,"column":6688},"end":{"line":2,"column":6695}},"229":{"start":{"line":2,"column":6706},"end":{"line":2,"column":6714}},"230":{"start":{"line":2,"column":6721},"end":{"line":2,"column":7510}},"231":{"start":{"line":2,"column":6740},"end":{"line":2,"column":6753}},"232":{"start":{"line":2,"column":6756},"end":{"line":2,"column":6766}},"233":{"start":{"line":2,"column":6774},"end":{"line":2,"column":6779}},"234":{"start":{"line":2,"column":6787},"end":{"line":2,"column":6788}},"235":{"start":{"line":2,"column":6796},"end":{"line":2,"column":6810}},"236":{"start":{"line":2,"column":6818},"end":{"line":2,"column":6820}},"237":{"start":{"line":2,"column":6821},"end":{"line":2,"column":7492}},"238":{"start":{"line":2,"column":6832},"end":{"line":2,"column":6833}},"239":{"start":{"line":2,"column":6837},"end":{"line":2,"column":6846}},"240":{"start":{"line":2,"column":6866},"end":{"line":2,"column":6872}},"241":{"start":{"line":2,"column":6880},"end":{"line":2,"column":6886}},"242":{"start":{"line":2,"column":6894},"end":{"line":2,"column":6900}},"243":{"start":{"line":2,"column":6908},"end":{"line":2,"column":7216}},"244":{"start":{"line":2,"column":6933},"end":{"line":2,"column":6941}},"245":{"start":{"line":2,"column":6954},"end":{"line":2,"column":6969}},"246":{"start":{"line":2,"column":6970},"end":{"line":2,"column":7099}},"247":{"start":{"line":2,"column":6977},"end":{"line":2,"column":6996}},"248":{"start":{"line":2,"column":6996},"end":{"line":2,"column":7004}},"249":{"start":{"line":2,"column":7010},"end":{"line":2,"column":7085}},"250":{"start":{"line":2,"column":7021},"end":{"line":2,"column":7022}},"251":{"start":{"line":2,"column":7034},"end":{"line":2,"column":7043}},"252":{"start":{"line":2,"column":7043},"end":{"line":2,"column":7062}},"253":{"start":{"line":2,"column":7062},"end":{"line":2,"column":7084}},"254":{"start":{"line":2,"column":7069},"end":{"line":2,"column":7078}},"255":{"start":{"line":2,"column":7078},"end":{"line":2,"column":7083}},"256":{"start":{"line":2,"column":7085},"end":{"line":2,"column":7098}},"257":{"start":{"line":2,"column":7093},"end":{"line":2,"column":7097}},"258":{"start":{"line":2,"column":7099},"end":{"line":2,"column":7144}},"259":{"start":{"line":2,"column":7144},"end":{"line":2,"column":7197}},"260":{"start":{"line":2,"column":7183},"end":{"line":2,"column":7192}},"261":{"start":{"line":2,"column":7192},"end":{"line":2,"column":7196}},"262":{"start":{"line":2,"column":7197},"end":{"line":2,"column":7215}},"263":{"start":{"line":2,"column":7205},"end":{"line":2,"column":7214}},"264":{"start":{"line":2,"column":7223},"end":{"line":2,"column":7225}},"265":{"start":{"line":2,"column":7226},"end":{"line":2,"column":7240}},"266":{"start":{"line":2,"column":7240},"end":{"line":2,"column":7491}},"267":{"start":{"line":2,"column":7248},"end":{"line":2,"column":7264}},"268":{"start":{"line":2,"column":7277},"end":{"line":2,"column":7282}},"269":{"start":{"line":2,"column":7290},"end":{"line":2,"column":7304}},"270":{"start":{"line":2,"column":7312},"end":{"line":2,"column":7324}},"271":{"start":{"line":2,"column":7325},"end":{"line":2,"column":7377}},"272":{"start":{"line":2,"column":7335},"end":{"line":2,"column":7361}},"273":{"start":{"line":2,"column":7361},"end":{"line":2,"column":7376}},"274":{"start":{"line":2,"column":7384},"end":{"line":2,"column":7399}},"275":{"start":{"line":2,"column":7400},"end":{"line":2,"column":7432}},"276":{"start":{"line":2,"column":7432},"end":{"line":2,"column":7458}},"277":{"start":{"line":2,"column":7458},"end":{"line":2,"column":7490}},"278":{"start":{"line":2,"column":7492},"end":{"line":2,"column":7509}},"279":{"start":{"line":2,"column":7511},"end":{"line":2,"column":7519}},"280":{"start":{"line":2,"column":7540},"end":{"line":2,"column":7542}},"281":{"start":{"line":2,"column":7545},"end":{"line":2,"column":7547}},"282":{"start":{"line":2,"column":7548},"end":{"line":2,"column":8035}},"283":{"start":{"line":2,"column":7574},"end":{"line":2,"column":7781}},"284":{"start":{"line":2,"column":7787},"end":{"line":2,"column":8034}},"285":{"start":{"line":2,"column":7810},"end":{"line":2,"column":7936}},"286":{"start":{"line":2,"column":7942},"end":{"line":2,"column":8033}},"287":{"start":{"line":2,"column":8035},"end":{"line":2,"column":8104}},"288":{"start":{"line":2,"column":8057},"end":{"line":2,"column":8103}},"289":{"start":{"line":2,"column":8110},"end":{"line":2,"column":8124}},"290":{"start":{"line":2,"column":8125},"end":{"line":2,"column":8474}},"291":{"start":{"line":2,"column":8131},"end":{"line":2,"column":8473}},"292":{"start":{"line":2,"column":8152},"end":{"line":2,"column":8346}},"293":{"start":{"line":2,"column":8160},"end":{"line":2,"column":8220}},"294":{"start":{"line":2,"column":8226},"end":{"line":2,"column":8345}},"295":{"start":{"line":2,"column":8346},"end":{"line":2,"column":8433}},"296":{"start":{"line":2,"column":8439},"end":{"line":2,"column":8472}},"297":{"start":{"line":2,"column":8474},"end":{"line":2,"column":8571}},"298":{"start":{"line":2,"column":8495},"end":{"line":2,"column":8528}},"299":{"start":{"line":2,"column":8528},"end":{"line":2,"column":8570}},"300":{"start":{"line":2,"column":8571},"end":{"line":2,"column":8746}},"301":{"start":{"line":2,"column":8598},"end":{"line":2,"column":8693}},"302":{"start":{"line":2,"column":8695},"end":{"line":2,"column":8745}},"303":{"start":{"line":2,"column":8752},"end":{"line":2,"column":8759}},"304":{"start":{"line":2,"column":8760},"end":{"line":2,"column":8780}},"305":{"start":{"line":2,"column":8766},"end":{"line":2,"column":8779}},"306":{"start":{"line":2,"column":8786},"end":{"line":2,"column":8822}},"307":{"start":{"line":2,"column":8823},"end":{"line":2,"column":8904}},"308":{"start":{"line":2,"column":8836},"end":{"line":2,"column":8903}},"309":{"start":{"line":2,"column":8904},"end":{"line":2,"column":8942}},"310":{"start":{"line":2,"column":8942},"end":{"line":2,"column":9257}},"311":{"start":{"line":2,"column":9257},"end":{"line":2,"column":9270}},"312":{"start":{"line":2,"column":9277},"end":{"line":2,"column":9371}},"313":{"start":{"line":2,"column":9395},"end":{"line":2,"column":9419}},"314":{"start":{"line":2,"column":9427},"end":{"line":2,"column":9437}},"315":{"start":{"line":2,"column":9445},"end":{"line":2,"column":9460}},"316":{"start":{"line":2,"column":9467},"end":{"line":2,"column":9622}},"317":{"start":{"line":2,"column":9486},"end":{"line":2,"column":9513}},"318":{"start":{"line":2,"column":9519},"end":{"line":2,"column":9621}},"319":{"start":{"line":2,"column":9547},"end":{"line":2,"column":9620}},"320":{"start":{"line":2,"column":9628},"end":{"line":2,"column":9655}},"321":{"start":{"line":2,"column":9663},"end":{"line":2,"column":9685}},"322":{"start":{"line":2,"column":9686},"end":{"line":2,"column":9735}},"323":{"start":{"line":2,"column":9706},"end":{"line":2,"column":9734}},"324":{"start":{"line":2,"column":9741},"end":{"line":2,"column":9745}},"325":{"start":{"line":2,"column":9762},"end":{"line":2,"column":10258}},"326":{"start":{"line":2,"column":9789},"end":{"line":2,"column":9820}},"327":{"start":{"line":2,"column":9814},"end":{"line":2,"column":9819}},"328":{"start":{"line":2,"column":9820},"end":{"line":2,"column":9959}},"329":{"start":{"line":2,"column":9843},"end":{"line":2,"column":9850}},"330":{"start":{"line":2,"column":9850},"end":{"line":2,"column":9898}},"331":{"start":{"line":2,"column":9868},"end":{"line":2,"column":9897}},"332":{"start":{"line":2,"column":9904},"end":{"line":2,"column":9958}},"333":{"start":{"line":2,"column":9915},"end":{"line":2,"column":9928}},"334":{"start":{"line":2,"column":9951},"end":{"line":2,"column":9957}},"335":{"start":{"line":2,"column":9959},"end":{"line":2,"column":9965}},"336":{"start":{"line":2,"column":9979},"end":{"line":2,"column":10252}},"337":{"start":{"line":2,"column":9992},"end":{"line":2,"column":10004}},"338":{"start":{"line":2,"column":10012},"end":{"line":2,"column":10024}},"339":{"start":{"line":2,"column":10025},"end":{"line":2,"column":10251}},"340":{"start":{"line":2,"column":10039},"end":{"line":2,"column":10063}},"341":{"start":{"line":2,"column":10064},"end":{"line":2,"column":10080}},"342":{"start":{"line":2,"column":10087},"end":{"line":2,"column":10122}},"343":{"start":{"line":2,"column":10123},"end":{"line":2,"column":10205}},"344":{"start":{"line":2,"column":10137},"end":{"line":2,"column":10150}},"345":{"start":{"line":2,"column":10151},"end":{"line":2,"column":10204}},"346":{"start":{"line":2,"column":10205},"end":{"line":2,"column":10212}},"347":{"start":{"line":2,"column":10212},"end":{"line":2,"column":10250}},"348":{"start":{"line":2,"column":10220},"end":{"line":2,"column":10249}},"349":{"start":{"line":2,"column":10252},"end":{"line":2,"column":10257}},"350":{"start":{"line":2,"column":10275},"end":{"line":2,"column":10331}},"351":{"start":{"line":2,"column":10298},"end":{"line":2,"column":10315}},"352":{"start":{"line":2,"column":10315},"end":{"line":2,"column":10330}},"353":{"start":{"line":2,"column":10323},"end":{"line":2,"column":10329}},"354":{"start":{"line":2,"column":10357},"end":{"line":2,"column":10382}},"355":{"start":{"line":2,"column":10390},"end":{"line":2,"column":10403}},"356":{"start":{"line":2,"column":10404},"end":{"line":2,"column":10530}},"357":{"start":{"line":2,"column":10418},"end":{"line":2,"column":10426}},"358":{"start":{"line":2,"column":10434},"end":{"line":2,"column":10448}},"359":{"start":{"line":2,"column":10449},"end":{"line":2,"column":10468}},"360":{"start":{"line":2,"column":10468},"end":{"line":2,"column":10529}},"361":{"start":{"line":2,"column":10479},"end":{"line":2,"column":10481}},"362":{"start":{"line":2,"column":10492},"end":{"line":2,"column":10510}},"363":{"start":{"line":2,"column":10510},"end":{"line":2,"column":10528}},"364":{"start":{"line":2,"column":10530},"end":{"line":2,"column":10539}},"365":{"start":{"line":2,"column":10547},"end":{"line":2,"column":10567}},"366":{"start":{"line":2,"column":10568},"end":{"line":2,"column":10623}},"367":{"start":{"line":2,"column":10617},"end":{"line":2,"column":10622}},"368":{"start":{"line":2,"column":10623},"end":{"line":2,"column":10633}},"369":{"start":{"line":2,"column":10634},"end":{"line":2,"column":10671}},"370":{"start":{"line":2,"column":10644},"end":{"line":2,"column":10645}},"371":{"start":{"line":2,"column":10662},"end":{"line":2,"column":10670}},"372":{"start":{"line":2,"column":10671},"end":{"line":2,"column":10717}},"373":{"start":{"line":2,"column":10687},"end":{"line":2,"column":10716}},"374":{"start":{"line":2,"column":10724},"end":{"line":2,"column":10746}},"375":{"start":{"line":2,"column":10747},"end":{"line":2,"column":10771}},"376":{"start":{"line":2,"column":10777},"end":{"line":2,"column":10802}},"377":{"start":{"line":2,"column":10803},"end":{"line":2,"column":10951}},"378":{"start":{"line":2,"column":10813},"end":{"line":2,"column":10814}},"379":{"start":{"line":2,"column":10817},"end":{"line":2,"column":10825}},"380":{"start":{"line":2,"column":10835},"end":{"line":2,"column":10843}},"381":{"start":{"line":2,"column":10843},"end":{"line":2,"column":10871}},"382":{"start":{"line":2,"column":10871},"end":{"line":2,"column":10932}},"383":{"start":{"line":2,"column":10890},"end":{"line":2,"column":10931}},"384":{"start":{"line":2,"column":10932},"end":{"line":2,"column":10950}},"385":{"start":{"line":2,"column":10951},"end":{"line":2,"column":10968}},"386":{"start":{"line":2,"column":10991},"end":{"line":2,"column":11027}},"387":{"start":{"line":2,"column":11035},"end":{"line":2,"column":11040}},"388":{"start":{"line":2,"column":11048},"end":{"line":2,"column":11061}},"389":{"start":{"line":2,"column":11069},"end":{"line":2,"column":11078}},"390":{"start":{"line":2,"column":11085},"end":{"line":2,"column":11086}},"391":{"start":{"line":2,"column":11094},"end":{"line":2,"column":11102}},"392":{"start":{"line":2,"column":11109},"end":{"line":2,"column":11118}},"393":{"start":{"line":2,"column":11126},"end":{"line":2,"column":11127}},"394":{"start":{"line":2,"column":11134},"end":{"line":2,"column":11148}},"395":{"start":{"line":2,"column":11155},"end":{"line":2,"column":11163}},"396":{"start":{"line":2,"column":11170},"end":{"line":2,"column":11171}},"397":{"start":{"line":2,"column":11172},"end":{"line":2,"column":11180}},"398":{"start":{"line":2,"column":11190},"end":{"line":2,"column":11273}},"399":{"start":{"line":2,"column":11209},"end":{"line":2,"column":11272}},"400":{"start":{"line":2,"column":11229},"end":{"line":2,"column":11245}},"401":{"start":{"line":2,"column":11245},"end":{"line":2,"column":11260}},"402":{"start":{"line":2,"column":11266},"end":{"line":2,"column":11271}},"403":{"start":{"line":2,"column":11273},"end":{"line":2,"column":11278}},"404":{"start":{"line":2,"column":11278},"end":{"line":2,"column":11395}},"405":{"start":{"line":2,"column":11304},"end":{"line":2,"column":11309}},"406":{"start":{"line":2,"column":11317},"end":{"line":2,"column":11324}},"407":{"start":{"line":2,"column":11331},"end":{"line":2,"column":11335}},"408":{"start":{"line":2,"column":11336},"end":{"line":2,"column":11368}},"409":{"start":{"line":2,"column":11363},"end":{"line":2,"column":11367}},"410":{"start":{"line":2,"column":11368},"end":{"line":2,"column":11379}},"411":{"start":{"line":2,"column":11379},"end":{"line":2,"column":11390}},"412":{"start":{"line":2,"column":11390},"end":{"line":2,"column":11394}},"413":{"start":{"line":2,"column":11395},"end":{"line":2,"column":11409}},"414":{"start":{"line":2,"column":11416},"end":{"line":2,"column":11420}},"415":{"start":{"line":2,"column":11421},"end":{"line":2,"column":11892}},"416":{"start":{"line":2,"column":11440},"end":{"line":2,"column":11446}},"417":{"start":{"line":2,"column":11453},"end":{"line":2,"column":11465}},"418":{"start":{"line":2,"column":11473},"end":{"line":2,"column":11477}},"419":{"start":{"line":2,"column":11485},"end":{"line":2,"column":11495}},"420":{"start":{"line":2,"column":11502},"end":{"line":2,"column":11516}},"421":{"start":{"line":2,"column":11524},"end":{"line":2,"column":11532}},"422":{"start":{"line":2,"column":11539},"end":{"line":2,"column":11857}},"423":{"start":{"line":2,"column":11582},"end":{"line":2,"column":11610}},"424":{"start":{"line":2,"column":11589},"end":{"line":2,"column":11609}},"425":{"start":{"line":2,"column":11610},"end":{"line":2,"column":11625}},"426":{"start":{"line":2,"column":11632},"end":{"line":2,"column":11648}},"427":{"start":{"line":2,"column":11656},"end":{"line":2,"column":11680}},"428":{"start":{"line":2,"column":11681},"end":{"line":2,"column":11701}},"429":{"start":{"line":2,"column":11708},"end":{"line":2,"column":11721}},"430":{"start":{"line":2,"column":11722},"end":{"line":2,"column":11745}},"431":{"start":{"line":2,"column":11745},"end":{"line":2,"column":11764}},"432":{"start":{"line":2,"column":11764},"end":{"line":2,"column":11856}},"433":{"start":{"line":2,"column":11772},"end":{"line":2,"column":11821}},"434":{"start":{"line":2,"column":11821},"end":{"line":2,"column":11855}},"435":{"start":{"line":2,"column":11857},"end":{"line":2,"column":11861}},"436":{"start":{"line":2,"column":11861},"end":{"line":2,"column":11876}},"437":{"start":{"line":2,"column":11870},"end":{"line":2,"column":11875}},"438":{"start":{"line":2,"column":11876},"end":{"line":2,"column":11891}},"439":{"start":{"line":2,"column":11886},"end":{"line":2,"column":11890}},"440":{"start":{"line":2,"column":11899},"end":{"line":2,"column":11901}},"441":{"start":{"line":2,"column":11918},"end":{"line":2,"column":12069}},"442":{"start":{"line":2,"column":11928},"end":{"line":2,"column":11936}},"443":{"start":{"line":2,"column":11952},"end":{"line":2,"column":11956}},"444":{"start":{"line":2,"column":11957},"end":{"line":2,"column":12068}},"445":{"start":{"line":2,"column":11982},"end":{"line":2,"column":11988}},"446":{"start":{"line":2,"column":11994},"end":{"line":2,"column":12067}},"447":{"start":{"line":2,"column":12013},"end":{"line":2,"column":12066}},"448":{"start":{"line":2,"column":12086},"end":{"line":2,"column":12166}},"449":{"start":{"line":2,"column":12116},"end":{"line":2,"column":12165}},"450":{"start":{"line":2,"column":12166},"end":{"line":2,"column":12177}},"451":{"start":{"line":2,"column":12178},"end":{"line":2,"column":12200}},"452":{"start":{"line":2,"column":12200},"end":{"line":2,"column":12643}},"453":{"start":{"line":2,"column":12643},"end":{"line":2,"column":13152}},"454":{"start":{"line":2,"column":13152},"end":{"line":2,"column":13189}},"455":{"start":{"line":2,"column":13189},"end":{"line":2,"column":13287}},"456":{"start":{"line":2,"column":13287},"end":{"line":2,"column":13331}},"457":{"start":{"line":2,"column":13331},"end":{"line":2,"column":13424}},"458":{"start":{"line":2,"column":13424},"end":{"line":2,"column":13472}},"459":{"start":{"line":2,"column":13472},"end":{"line":2,"column":13550}},"460":{"start":{"line":2,"column":13550},"end":{"line":2,"column":13646}},"461":{"start":{"line":2,"column":13646},"end":{"line":2,"column":13743}},"462":{"start":{"line":2,"column":13743},"end":{"line":2,"column":13828}},"463":{"start":{"line":2,"column":13828},"end":{"line":2,"column":13893}},"464":{"start":{"line":2,"column":13893},"end":{"line":2,"column":14024}},"465":{"start":{"line":2,"column":14024},"end":{"line":2,"column":14060}},"466":{"start":{"line":2,"column":14080},"end":{"line":2,"column":14095}},"467":{"start":{"line":2,"column":14096},"end":{"line":2,"column":14267}},"468":{"start":{"line":2,"column":14106},"end":{"line":2,"column":14121}},"469":{"start":{"line":2,"column":14128},"end":{"line":2,"column":14140}},"470":{"start":{"line":2,"column":14141},"end":{"line":2,"column":14156}},"471":{"start":{"line":2,"column":14156},"end":{"line":2,"column":14172}},"472":{"start":{"line":2,"column":14172},"end":{"line":2,"column":14184}},"473":{"start":{"line":2,"column":14184},"end":{"line":2,"column":14194}},"474":{"start":{"line":2,"column":14194},"end":{"line":2,"column":14198}},"475":{"start":{"line":2,"column":14208},"end":{"line":2,"column":14266}},"476":{"start":{"line":2,"column":14232},"end":{"line":2,"column":14265}},"477":{"start":{"line":2,"column":14292},"end":{"line":2,"column":14321}},"478":{"start":{"line":2,"column":14322},"end":{"line":2,"column":14336}},"479":{"start":{"line":2,"column":14336},"end":{"line":2,"column":14349}},"480":{"start":{"line":2,"column":14342},"end":{"line":2,"column":14348}},"481":{"start":{"line":2,"column":14355},"end":{"line":2,"column":14399}},"482":{"start":{"line":2,"column":14400},"end":{"line":2,"column":14405}},"483":{"start":{"line":2,"column":14405},"end":{"line":2,"column":14423}},"484":{"start":{"line":2,"column":14454},"end":{"line":2,"column":14494}},"485":{"start":{"line":2,"column":14502},"end":{"line":2,"column":14531}},"486":{"start":{"line":2,"column":14538},"end":{"line":2,"column":14540}},"487":{"start":{"line":2,"column":14541},"end":{"line":2,"column":14629}},"488":{"start":{"line":2,"column":14552},"end":{"line":2,"column":14553}},"489":{"start":{"line":2,"column":14573},"end":{"line":2,"column":14628}},"490":{"start":{"line":2,"column":14583},"end":{"line":2,"column":14584}},"491":{"start":{"line":2,"column":14587},"end":{"line":2,"column":14600}},"492":{"start":{"line":2,"column":14610},"end":{"line":2,"column":14627}},"493":{"start":{"line":2,"column":14629},"end":{"line":2,"column":14637}},"494":{"start":{"line":2,"column":14643},"end":{"line":2,"column":14647}},"495":{"start":{"line":2,"column":14648},"end":{"line":2,"column":14698}},"496":{"start":{"line":2,"column":14659},"end":{"line":2,"column":14697}},"497":{"start":{"line":2,"column":14677},"end":{"line":2,"column":14695}},"498":{"start":{"line":2,"column":14704},"end":{"line":2,"column":14705}},"499":{"start":{"line":2,"column":14719},"end":{"line":2,"column":14751}},"500":{"start":{"line":2,"column":14759},"end":{"line":2,"column":14776}},"501":{"start":{"line":2,"column":14798},"end":{"line":2,"column":14852}},"502":{"start":{"line":2,"column":14854},"end":{"line":2,"column":15434}},"503":{"start":{"line":2,"column":14894},"end":{"line":2,"column":14898}},"504":{"start":{"line":2,"column":14906},"end":{"line":2,"column":14918}},"505":{"start":{"line":2,"column":14919},"end":{"line":2,"column":15433}},"506":{"start":{"line":2,"column":14959},"end":{"line":2,"column":14971}},"507":{"start":{"line":2,"column":14979},"end":{"line":2,"column":15046}},"508":{"start":{"line":2,"column":15020},"end":{"line":2,"column":15045}},"509":{"start":{"line":2,"column":15046},"end":{"line":2,"column":15062}},"510":{"start":{"line":2,"column":15053},"end":{"line":2,"column":15061}},"511":{"start":{"line":2,"column":15069},"end":{"line":2,"column":15074}},"512":{"start":{"line":2,"column":15075},"end":{"line":2,"column":15256}},"513":{"start":{"line":2,"column":15086},"end":{"line":2,"column":15099}},"514":{"start":{"line":2,"column":15121},"end":{"line":2,"column":15255}},"515":{"start":{"line":2,"column":15241},"end":{"line":2,"column":15249}},"516":{"start":{"line":2,"column":15249},"end":{"line":2,"column":15254}},"517":{"start":{"line":2,"column":15256},"end":{"line":2,"column":15432}},"518":{"start":{"line":2,"column":15271},"end":{"line":2,"column":15316}},"519":{"start":{"line":2,"column":15317},"end":{"line":2,"column":15361}},"520":{"start":{"line":2,"column":15361},"end":{"line":2,"column":15377}},"521":{"start":{"line":2,"column":15368},"end":{"line":2,"column":15376}},"522":{"start":{"line":2,"column":15377},"end":{"line":2,"column":15427}},"523":{"start":{"line":2,"column":15427},"end":{"line":2,"column":15431}},"524":{"start":{"line":2,"column":15434},"end":{"line":2,"column":15485}},"525":{"start":{"line":2,"column":15449},"end":{"line":2,"column":15466}},"526":{"start":{"line":2,"column":15472},"end":{"line":2,"column":15484}},"527":{"start":{"line":2,"column":15479},"end":{"line":2,"column":15483}},"528":{"start":{"line":2,"column":15486},"end":{"line":2,"column":15489}},"529":{"start":{"line":2,"column":15490},"end":{"line":2,"column":15514}},"530":{"start":{"line":2,"column":15514},"end":{"line":2,"column":15535}},"531":{"start":{"line":2,"column":15535},"end":{"line":2,"column":15780}},"532":{"start":{"line":2,"column":15785},"end":{"line":2,"column":16550}},"533":{"start":{"line":2,"column":16550},"end":{"line":2,"column":17330}},"534":{"start":{"line":2,"column":17330},"end":{"line":2,"column":17476}},"535":{"start":{"line":2,"column":17476},"end":{"line":2,"column":17568}}},"fnMap":{"0":{"name":"(anonymous_0)","decl":{"start":{"line":2,"column":40},"end":{"line":2,"column":41}},"loc":{"start":{"line":2,"column":50},"end":{"line":2,"column":15781}},"line":2},"1":{"name":"k","decl":{"start":{"line":2,"column":2533},"end":{"line":2,"column":2534}},"loc":{"start":{"line":2,"column":2537},"end":{"line":2,"column":5371}},"line":2},"2":{"name":"ab","decl":{"start":{"line":2,"column":2799},"end":{"line":2,"column":2801}},"loc":{"start":{"line":2,"column":2805},"end":{"line":2,"column":3055}},"line":2},"3":{"name":"T","decl":{"start":{"line":2,"column":3064},"end":{"line":2,"column":3065}},"loc":{"start":{"line":2,"column":3069},"end":{"line":2,"column":3219}},"line":2},"4":{"name":"X","decl":{"start":{"line":2,"column":3228},"end":{"line":2,"column":3229}},"loc":{"start":{"line":2,"column":3233},"end":{"line":2,"column":4214}},"line":2},"5":{"name":"(anonymous_5)","decl":{"start":{"line":2,"column":3804},"end":{"line":2,"column":3805}},"loc":{"start":{"line":2,"column":3819},"end":{"line":2,"column":3855}},"line":2},"6":{"name":"W","decl":{"start":{"line":2,"column":4223},"end":{"line":2,"column":4224}},"loc":{"start":{"line":2,"column":4228},"end":{"line":2,"column":5197}},"line":2},"7":{"name":"(anonymous_7)","decl":{"start":{"line":2,"column":5088},"end":{"line":2,"column":5089}},"loc":{"start":{"line":2,"column":5100},"end":{"line":2,"column":5173}},"line":2},"8":{"name":"a","decl":{"start":{"line":2,"column":5380},"end":{"line":2,"column":5381}},"loc":{"start":{"line":2,"column":5384},"end":{"line":2,"column":6108}},"line":2},"9":{"name":"aa","decl":{"start":{"line":2,"column":5660},"end":{"line":2,"column":5662}},"loc":{"start":{"line":2,"column":5666},"end":{"line":2,"column":6046}},"line":2},"10":{"name":"B","decl":{"start":{"line":2,"column":6117},"end":{"line":2,"column":6118}},"loc":{"start":{"line":2,"column":6127},"end":{"line":2,"column":6208}},"line":2},"11":{"name":"o","decl":{"start":{"line":2,"column":6228},"end":{"line":2,"column":6229}},"loc":{"start":{"line":2,"column":6232},"end":{"line":2,"column":6387}},"line":2},"12":{"name":"g","decl":{"start":{"line":2,"column":6396},"end":{"line":2,"column":6397}},"loc":{"start":{"line":2,"column":6402},"end":{"line":2,"column":7520}},"line":2},"13":{"name":"(anonymous_13)","decl":{"start":{"line":2,"column":6419},"end":{"line":2,"column":6420}},"loc":{"start":{"line":2,"column":6429},"end":{"line":2,"column":6696}},"line":2},"14":{"name":"(anonymous_14)","decl":{"start":{"line":2,"column":6721},"end":{"line":2,"column":6722}},"loc":{"start":{"line":2,"column":6733},"end":{"line":2,"column":7510}},"line":2},"15":{"name":"i","decl":{"start":{"line":2,"column":7529},"end":{"line":2,"column":7530}},"loc":{"start":{"line":2,"column":7533},"end":{"line":2,"column":9271}},"line":2},"16":{"name":"Q","decl":{"start":{"line":2,"column":9381},"end":{"line":2,"column":9382}},"loc":{"start":{"line":2,"column":9388},"end":{"line":2,"column":10969}},"line":2},"17":{"name":"ae","decl":{"start":{"line":2,"column":9755},"end":{"line":2,"column":9757}},"loc":{"start":{"line":2,"column":9761},"end":{"line":2,"column":10259}},"line":2},"18":{"name":"ad","decl":{"start":{"line":2,"column":10268},"end":{"line":2,"column":10270}},"loc":{"start":{"line":2,"column":10274},"end":{"line":2,"column":10634}},"line":2},"19":{"name":"ai","decl":{"start":{"line":2,"column":10340},"end":{"line":2,"column":10342}},"loc":{"start":{"line":2,"column":10349},"end":{"line":2,"column":10540}},"line":2},"20":{"name":"D","decl":{"start":{"line":2,"column":10978},"end":{"line":2,"column":10979}},"loc":{"start":{"line":2,"column":10983},"end":{"line":2,"column":11893}},"line":2},"21":{"name":"c","decl":{"start":{"line":2,"column":11911},"end":{"line":2,"column":11912}},"loc":{"start":{"line":2,"column":11917},"end":{"line":2,"column":12070}},"line":2},"22":{"name":"q","decl":{"start":{"line":2,"column":12079},"end":{"line":2,"column":12080}},"loc":{"start":{"line":2,"column":12085},"end":{"line":2,"column":12178}},"line":2},"23":{"name":"d","decl":{"start":{"line":2,"column":14069},"end":{"line":2,"column":14070}},"loc":{"start":{"line":2,"column":14073},"end":{"line":2,"column":14268}},"line":2},"24":{"name":"y","decl":{"start":{"line":2,"column":14277},"end":{"line":2,"column":14278}},"loc":{"start":{"line":2,"column":14285},"end":{"line":2,"column":14424}},"line":2},"25":{"name":"b","decl":{"start":{"line":2,"column":14433},"end":{"line":2,"column":14434}},"loc":{"start":{"line":2,"column":14438},"end":{"line":2,"column":15490}},"line":2},"26":{"name":"Y","decl":{"start":{"line":2,"column":14448},"end":{"line":2,"column":14449}},"loc":{"start":{"line":2,"column":14453},"end":{"line":2,"column":14495}},"line":2},"27":{"name":"(anonymous_27)","decl":{"start":{"line":2,"column":14666},"end":{"line":2,"column":14667}},"loc":{"start":{"line":2,"column":14676},"end":{"line":2,"column":14696}},"line":2},"28":{"name":"U","decl":{"start":{"line":2,"column":14786},"end":{"line":2,"column":14787}},"loc":{"start":{"line":2,"column":14789},"end":{"line":2,"column":15486}},"line":2}},"branchMap":{"0":{"loc":{"start":{"line":2,"column":2616},"end":{"line":2,"column":2753}},"type":"if","locations":[{"start":{"line":2,"column":2616},"end":{"line":2,"column":2753}},{"start":{"line":2,"column":2646},"end":{"line":2,"column":2753}}],"line":2},"1":{"loc":{"start":{"line":2,"column":2647},"end":{"line":2,"column":2752}},"type":"if","locations":[{"start":{"line":2,"column":2647},"end":{"line":2,"column":2752}},{"start":{},"end":{}}],"line":2},"2":{"loc":{"start":{"line":2,"column":2830},"end":{"line":2,"column":2852}},"type":"if","locations":[{"start":{"line":2,"column":2830},"end":{"line":2,"column":2852}},{"start":{},"end":{}}],"line":2},"3":{"loc":{"start":{"line":2,"column":2881},"end":{"line":2,"column":3054}},"type":"if","locations":[{"start":{"line":2,"column":2881},"end":{"line":2,"column":3054}},{"start":{"line":2,"column":2902},"end":{"line":2,"column":3054}}],"line":2},"4":{"loc":{"start":{"line":2,"column":2903},"end":{"line":2,"column":3053}},"type":"if","locations":[{"start":{"line":2,"column":2903},"end":{"line":2,"column":3053}},{"start":{"line":2,"column":2963},"end":{"line":2,"column":3053}}],"line":2},"5":{"loc":{"start":{"line":2,"column":2906},"end":{"line":2,"column":2922}},"type":"binary-expr","locations":[{"start":{"line":2,"column":2906},"end":{"line":2,"column":2913}},{"start":{"line":2,"column":2915},"end":{"line":2,"column":2922}}],"line":2},"6":{"loc":{"start":{"line":2,"column":2964},"end":{"line":2,"column":3052}},"type":"if","locations":[{"start":{"line":2,"column":2964},"end":{"line":2,"column":3052}},{"start":{"line":2,"column":3027},"end":{"line":2,"column":3052}}],"line":2},"7":{"loc":{"start":{"line":2,"column":2967},"end":{"line":2,"column":2985}},"type":"binary-expr","locations":[{"start":{"line":2,"column":2967},"end":{"line":2,"column":2975}},{"start":{"line":2,"column":2977},"end":{"line":2,"column":2985}}],"line":2},"8":{"loc":{"start":{"line":2,"column":3070},"end":{"line":2,"column":3123}},"type":"if","locations":[{"start":{"line":2,"column":3070},"end":{"line":2,"column":3123}},{"start":{},"end":{}}],"line":2},"9":{"loc":{"start":{"line":2,"column":3087},"end":{"line":2,"column":3105}},"type":"cond-expr","locations":[{"start":{"line":2,"column":3093},"end":{"line":2,"column":3099}},{"start":{"line":2,"column":3100},"end":{"line":2,"column":3105}}],"line":2},"10":{"loc":{"start":{"line":2,"column":3154},"end":{"line":2,"column":3209}},"type":"if","locations":[{"start":{"line":2,"column":3154},"end":{"line":2,"column":3209}},{"start":{},"end":{}}],"line":2},"11":{"loc":{"start":{"line":2,"column":3157},"end":{"line":2,"column":3196}},"type":"binary-expr","locations":[{"start":{"line":2,"column":3157},"end":{"line":2,"column":3166}},{"start":{"line":2,"column":3168},"end":{"line":2,"column":3176}},{"start":{"line":2,"column":3178},"end":{"line":2,"column":3186}},{"start":{"line":2,"column":3188},"end":{"line":2,"column":3196}}],"line":2},"12":{"loc":{"start":{"line":2,"column":3443},"end":{"line":2,"column":3449}},"type":"cond-expr","locations":[{"start":{"line":2,"column":3446},"end":{"line":2,"column":3447}},{"start":{"line":2,"column":3448},"end":{"line":2,"column":3449}}],"line":2},"13":{"loc":{"start":{"line":2,"column":3489},"end":{"line":2,"column":3795}},"type":"if","locations":[{"start":{"line":2,"column":3489},"end":{"line":2,"column":3795}},{"start":{"line":2,"column":3530},"end":{"line":2,"column":3795}}],"line":2},"14":{"loc":{"start":{"line":2,"column":3552},"end":{"line":2,"column":3613}},"type":"if","locations":[{"start":{"line":2,"column":3552},"end":{"line":2,"column":3613}},{"start":{"line":2,"column":3606},"end":{"line":2,"column":3613}}],"line":2},"15":{"loc":{"start":{"line":2,"column":3555},"end":{"line":2,"column":3578}},"type":"binary-expr","locations":[{"start":{"line":2,"column":3555},"end":{"line":2,"column":3562}},{"start":{"line":2,"column":3564},"end":{"line":2,"column":3578}}],"line":2},"16":{"loc":{"start":{"line":2,"column":3630},"end":{"line":2,"column":3794}},"type":"if","locations":[{"start":{"line":2,"column":3630},"end":{"line":2,"column":3794}},{"start":{},"end":{}}],"line":2},"17":{"loc":{"start":{"line":2,"column":3635},"end":{"line":2,"column":3648}},"type":"binary-expr","locations":[{"start":{"line":2,"column":3635},"end":{"line":2,"column":3640}},{"start":{"line":2,"column":3642},"end":{"line":2,"column":3648}}],"line":2},"18":{"loc":{"start":{"line":2,"column":3651},"end":{"line":2,"column":3720}},"type":"if","locations":[{"start":{"line":2,"column":3651},"end":{"line":2,"column":3720}},{"start":{},"end":{}}],"line":2},"19":{"loc":{"start":{"line":2,"column":3656},"end":{"line":2,"column":3668}},"type":"binary-expr","locations":[{"start":{"line":2,"column":3656},"end":{"line":2,"column":3661}},{"start":{"line":2,"column":3663},"end":{"line":2,"column":3668}}],"line":2},"20":{"loc":{"start":{"line":2,"column":3720},"end":{"line":2,"column":3793}},"type":"if","locations":[{"start":{"line":2,"column":3720},"end":{"line":2,"column":3793}},{"start":{},"end":{}}],"line":2},"21":{"loc":{"start":{"line":2,"column":3725},"end":{"line":2,"column":3738}},"type":"binary-expr","locations":[{"start":{"line":2,"column":3725},"end":{"line":2,"column":3730}},{"start":{"line":2,"column":3732},"end":{"line":2,"column":3738}}],"line":2},"22":{"loc":{"start":{"line":2,"column":3826},"end":{"line":2,"column":3854}},"type":"binary-expr","locations":[{"start":{"line":2,"column":3827},"end":{"line":2,"column":3838}},{"start":{"line":2,"column":3842},"end":{"line":2,"column":3853}}],"line":2},"23":{"loc":{"start":{"line":2,"column":3930},"end":{"line":2,"column":3997}},"type":"if","locations":[{"start":{"line":2,"column":3930},"end":{"line":2,"column":3997}},{"start":{"line":2,"column":3981},"end":{"line":2,"column":3997}}],"line":2},"24":{"loc":{"start":{"line":2,"column":4011},"end":{"line":2,"column":4031}},"type":"if","locations":[{"start":{"line":2,"column":4011},"end":{"line":2,"column":4031}},{"start":{},"end":{}}],"line":2},"25":{"loc":{"start":{"line":2,"column":4116},"end":{"line":2,"column":4181}},"type":"if","locations":[{"start":{"line":2,"column":4116},"end":{"line":2,"column":4181}},{"start":{},"end":{}}],"line":2},"26":{"loc":{"start":{"line":2,"column":4132},"end":{"line":2,"column":4163}},"type":"if","locations":[{"start":{"line":2,"column":4132},"end":{"line":2,"column":4163}},{"start":{},"end":{}}],"line":2},"27":{"loc":{"start":{"line":2,"column":4496},"end":{"line":2,"column":4594}},"type":"if","locations":[{"start":{"line":2,"column":4496},"end":{"line":2,"column":4594}},{"start":{"line":2,"column":4518},"end":{"line":2,"column":4594}}],"line":2},"28":{"loc":{"start":{"line":2,"column":4519},"end":{"line":2,"column":4593}},"type":"if","locations":[{"start":{"line":2,"column":4519},"end":{"line":2,"column":4593}},{"start":{},"end":{}}],"line":2},"29":{"loc":{"start":{"line":2,"column":4567},"end":{"line":2,"column":4592}},"type":"if","locations":[{"start":{"line":2,"column":4567},"end":{"line":2,"column":4592}},{"start":{},"end":{}}],"line":2},"30":{"loc":{"start":{"line":2,"column":4570},"end":{"line":2,"column":4580}},"type":"binary-expr","locations":[{"start":{"line":2,"column":4570},"end":{"line":2,"column":4572}},{"start":{"line":2,"column":4574},"end":{"line":2,"column":4580}}],"line":2},"31":{"loc":{"start":{"line":2,"column":4627},"end":{"line":2,"column":4655}},"type":"if","locations":[{"start":{"line":2,"column":4627},"end":{"line":2,"column":4655}},{"start":{},"end":{}}],"line":2},"32":{"loc":{"start":{"line":2,"column":4700},"end":{"line":2,"column":4844}},"type":"if","locations":[{"start":{"line":2,"column":4700},"end":{"line":2,"column":4844}},{"start":{"line":2,"column":4759},"end":{"line":2,"column":4844}}],"line":2},"33":{"loc":{"start":{"line":2,"column":4718},"end":{"line":2,"column":4754}},"type":"if","locations":[{"start":{"line":2,"column":4718},"end":{"line":2,"column":4754}},{"start":{},"end":{}}],"line":2},"34":{"loc":{"start":{"line":2,"column":4760},"end":{"line":2,"column":4843}},"type":"if","locations":[{"start":{"line":2,"column":4760},"end":{"line":2,"column":4843}},{"start":{},"end":{}}],"line":2},"35":{"loc":{"start":{"line":2,"column":4808},"end":{"line":2,"column":4842}},"type":"if","locations":[{"start":{"line":2,"column":4808},"end":{"line":2,"column":4842}},{"start":{},"end":{}}],"line":2},"36":{"loc":{"start":{"line":2,"column":4811},"end":{"line":2,"column":4821}},"type":"binary-expr","locations":[{"start":{"line":2,"column":4811},"end":{"line":2,"column":4813}},{"start":{"line":2,"column":4815},"end":{"line":2,"column":4821}}],"line":2},"37":{"loc":{"start":{"line":2,"column":4875},"end":{"line":2,"column":4918}},"type":"if","locations":[{"start":{"line":2,"column":4875},"end":{"line":2,"column":4918}},{"start":{},"end":{}}],"line":2},"38":{"loc":{"start":{"line":2,"column":4878},"end":{"line":2,"column":4906}},"type":"binary-expr","locations":[{"start":{"line":2,"column":4878},"end":{"line":2,"column":4890}},{"start":{"line":2,"column":4892},"end":{"line":2,"column":4906}}],"line":2},"39":{"loc":{"start":{"line":2,"column":4919},"end":{"line":2,"column":5178}},"type":"if","locations":[{"start":{"line":2,"column":4919},"end":{"line":2,"column":5178}},{"start":{},"end":{}}],"line":2},"40":{"loc":{"start":{"line":2,"column":4922},"end":{"line":2,"column":4938}},"type":"binary-expr","locations":[{"start":{"line":2,"column":4922},"end":{"line":2,"column":4935}},{"start":{"line":2,"column":4937},"end":{"line":2,"column":4938}}],"line":2},"41":{"loc":{"start":{"line":2,"column":4999},"end":{"line":2,"column":5176}},"type":"if","locations":[{"start":{"line":2,"column":4999},"end":{"line":2,"column":5176}},{"start":{"line":2,"column":5043},"end":{"line":2,"column":5176}}],"line":2},"42":{"loc":{"start":{"line":2,"column":5002},"end":{"line":2,"column":5024}},"type":"binary-expr","locations":[{"start":{"line":2,"column":5002},"end":{"line":2,"column":5014}},{"start":{"line":2,"column":5016},"end":{"line":2,"column":5024}}],"line":2},"43":{"loc":{"start":{"line":2,"column":5044},"end":{"line":2,"column":5175}},"type":"if","locations":[{"start":{"line":2,"column":5044},"end":{"line":2,"column":5175}},{"start":{},"end":{}}],"line":2},"44":{"loc":{"start":{"line":2,"column":5251},"end":{"line":2,"column":5302}},"type":"if","locations":[{"start":{"line":2,"column":5251},"end":{"line":2,"column":5302}},{"start":{},"end":{}}],"line":2},"45":{"loc":{"start":{"line":2,"column":5254},"end":{"line":2,"column":5277}},"type":"binary-expr","locations":[{"start":{"line":2,"column":5254},"end":{"line":2,"column":5263}},{"start":{"line":2,"column":5265},"end":{"line":2,"column":5277}}],"line":2},"46":{"loc":{"start":{"line":2,"column":5358},"end":{"line":2,"column":5369}},"type":"cond-expr","locations":[{"start":{"line":2,"column":5361},"end":{"line":2,"column":5365}},{"start":{"line":2,"column":5366},"end":{"line":2,"column":5369}}],"line":2},"47":{"loc":{"start":{"line":2,"column":5456},"end":{"line":2,"column":5617}},"type":"if","locations":[{"start":{"line":2,"column":5456},"end":{"line":2,"column":5617}},{"start":{"line":2,"column":5507},"end":{"line":2,"column":5617}}],"line":2},"48":{"loc":{"start":{"line":2,"column":5508},"end":{"line":2,"column":5616}},"type":"if","locations":[{"start":{"line":2,"column":5508},"end":{"line":2,"column":5616}},{"start":{},"end":{}}],"line":2},"49":{"loc":{"start":{"line":2,"column":5623},"end":{"line":2,"column":5650}},"type":"binary-expr","locations":[{"start":{"line":2,"column":5623},"end":{"line":2,"column":5624}},{"start":{"line":2,"column":5626},"end":{"line":2,"column":5650}}],"line":2},"50":{"loc":{"start":{"line":2,"column":5667},"end":{"line":2,"column":6045}},"type":"switch","locations":[{"start":{"line":2,"column":5687},"end":{"line":2,"column":5869}},{"start":{"line":2,"column":5869},"end":{"line":2,"column":5876}},{"start":{"line":2,"column":5876},"end":{"line":2,"column":6044}}],"line":2},"51":{"loc":{"start":{"line":2,"column":5694},"end":{"line":2,"column":5726}},"type":"if","locations":[{"start":{"line":2,"column":5694},"end":{"line":2,"column":5726}},{"start":{},"end":{}}],"line":2},"52":{"loc":{"start":{"line":2,"column":5799},"end":{"line":2,"column":5863}},"type":"if","locations":[{"start":{"line":2,"column":5799},"end":{"line":2,"column":5863}},{"start":{},"end":{}}],"line":2},"53":{"loc":{"start":{"line":2,"column":5802},"end":{"line":2,"column":5822}},"type":"binary-expr","locations":[{"start":{"line":2,"column":5802},"end":{"line":2,"column":5811}},{"start":{"line":2,"column":5813},"end":{"line":2,"column":5822}}],"line":2},"54":{"loc":{"start":{"line":2,"column":5903},"end":{"line":2,"column":6039}},"type":"if","locations":[{"start":{"line":2,"column":5903},"end":{"line":2,"column":6039}},{"start":{},"end":{}}],"line":2},"55":{"loc":{"start":{"line":2,"column":5917},"end":{"line":2,"column":5991}},"type":"if","locations":[{"start":{"line":2,"column":5917},"end":{"line":2,"column":5991}},{"start":{"line":2,"column":5961},"end":{"line":2,"column":5991}}],"line":2},"56":{"loc":{"start":{"line":2,"column":6128},"end":{"line":2,"column":6142}},"type":"if","locations":[{"start":{"line":2,"column":6128},"end":{"line":2,"column":6142}},{"start":{},"end":{}}],"line":2},"57":{"loc":{"start":{"line":2,"column":6310},"end":{"line":2,"column":6361}},"type":"cond-expr","locations":[{"start":{"line":2,"column":6319},"end":{"line":2,"column":6324}},{"start":{"line":2,"column":6326},"end":{"line":2,"column":6361}}],"line":2},"58":{"loc":{"start":{"line":2,"column":6319},"end":{"line":2,"column":6324}},"type":"cond-expr","locations":[{"start":{"line":2,"column":6321},"end":{"line":2,"column":6322}},{"start":{"line":2,"column":6323},"end":{"line":2,"column":6324}}],"line":2},"59":{"loc":{"start":{"line":2,"column":6326},"end":{"line":2,"column":6361}},"type":"cond-expr","locations":[{"start":{"line":2,"column":6335},"end":{"line":2,"column":6358}},{"start":{"line":2,"column":6360},"end":{"line":2,"column":6361}}],"line":2},"60":{"loc":{"start":{"line":2,"column":6335},"end":{"line":2,"column":6358}},"type":"cond-expr","locations":[{"start":{"line":2,"column":6355},"end":{"line":2,"column":6356}},{"start":{"line":2,"column":6357},"end":{"line":2,"column":6358}}],"line":2},"61":{"loc":{"start":{"line":2,"column":6369},"end":{"line":2,"column":6386}},"type":"cond-expr","locations":[{"start":{"line":2,"column":6375},"end":{"line":2,"column":6384}},{"start":{"line":2,"column":6385},"end":{"line":2,"column":6386}}],"line":2},"62":{"loc":{"start":{"line":2,"column":6530},"end":{"line":2,"column":6588}},"type":"if","locations":[{"start":{"line":2,"column":6530},"end":{"line":2,"column":6588}},{"start":{},"end":{}}],"line":2},"63":{"loc":{"start":{"line":2,"column":6613},"end":{"line":2,"column":6664}},"type":"if","locations":[{"start":{"line":2,"column":6613},"end":{"line":2,"column":6664}},{"start":{},"end":{}}],"line":2},"64":{"loc":{"start":{"line":2,"column":6796},"end":{"line":2,"column":6810}},"type":"binary-expr","locations":[{"start":{"line":2,"column":6796},"end":{"line":2,"column":6806}},{"start":{"line":2,"column":6808},"end":{"line":2,"column":6810}}],"line":2},"65":{"loc":{"start":{"line":2,"column":6908},"end":{"line":2,"column":7216}},"type":"if","locations":[{"start":{"line":2,"column":6908},"end":{"line":2,"column":7216}},{"start":{"line":2,"column":6946},"end":{"line":2,"column":7216}}],"line":2},"66":{"loc":{"start":{"line":2,"column":6970},"end":{"line":2,"column":7099}},"type":"if","locations":[{"start":{"line":2,"column":6970},"end":{"line":2,"column":7099}},{"start":{"line":2,"column":7009},"end":{"line":2,"column":7099}}],"line":2},"67":{"loc":{"start":{"line":2,"column":7062},"end":{"line":2,"column":7084}},"type":"if","locations":[{"start":{"line":2,"column":7062},"end":{"line":2,"column":7084}},{"start":{},"end":{}}],"line":2},"68":{"loc":{"start":{"line":2,"column":7085},"end":{"line":2,"column":7098}},"type":"if","locations":[{"start":{"line":2,"column":7085},"end":{"line":2,"column":7098}},{"start":{},"end":{}}],"line":2},"69":{"loc":{"start":{"line":2,"column":7102},"end":{"line":2,"column":7143}},"type":"binary-expr","locations":[{"start":{"line":2,"column":7102},"end":{"line":2,"column":7114}},{"start":{"line":2,"column":7116},"end":{"line":2,"column":7143}}],"line":2},"70":{"loc":{"start":{"line":2,"column":7144},"end":{"line":2,"column":7197}},"type":"if","locations":[{"start":{"line":2,"column":7144},"end":{"line":2,"column":7197}},{"start":{},"end":{}}],"line":2},"71":{"loc":{"start":{"line":2,"column":7147},"end":{"line":2,"column":7181}},"type":"binary-expr","locations":[{"start":{"line":2,"column":7147},"end":{"line":2,"column":7149}},{"start":{"line":2,"column":7151},"end":{"line":2,"column":7181}}],"line":2},"72":{"loc":{"start":{"line":2,"column":7153},"end":{"line":2,"column":7180}},"type":"binary-expr","locations":[{"start":{"line":2,"column":7153},"end":{"line":2,"column":7155}},{"start":{"line":2,"column":7157},"end":{"line":2,"column":7180}}],"line":2},"73":{"loc":{"start":{"line":2,"column":7197},"end":{"line":2,"column":7215}},"type":"if","locations":[{"start":{"line":2,"column":7197},"end":{"line":2,"column":7215}},{"start":{},"end":{}}],"line":2},"74":{"loc":{"start":{"line":2,"column":7240},"end":{"line":2,"column":7491}},"type":"if","locations":[{"start":{"line":2,"column":7240},"end":{"line":2,"column":7491}},{"start":{"line":2,"column":7269},"end":{"line":2,"column":7491}}],"line":2},"75":{"loc":{"start":{"line":2,"column":7325},"end":{"line":2,"column":7377}},"type":"if","locations":[{"start":{"line":2,"column":7325},"end":{"line":2,"column":7377}},{"start":{},"end":{}}],"line":2},"76":{"loc":{"start":{"line":2,"column":7548},"end":{"line":2,"column":8035}},"type":"if","locations":[{"start":{"line":2,"column":7548},"end":{"line":2,"column":8035}},{"start":{"line":2,"column":7786},"end":{"line":2,"column":8035}}],"line":2},"77":{"loc":{"start":{"line":2,"column":7787},"end":{"line":2,"column":8034}},"type":"if","locations":[{"start":{"line":2,"column":7787},"end":{"line":2,"column":8034}},{"start":{"line":2,"column":7941},"end":{"line":2,"column":8034}}],"line":2},"78":{"loc":{"start":{"line":2,"column":8035},"end":{"line":2,"column":8104}},"type":"if","locations":[{"start":{"line":2,"column":8035},"end":{"line":2,"column":8104}},{"start":{},"end":{}}],"line":2},"79":{"loc":{"start":{"line":2,"column":8125},"end":{"line":2,"column":8474}},"type":"if","locations":[{"start":{"line":2,"column":8125},"end":{"line":2,"column":8474}},{"start":{},"end":{}}],"line":2},"80":{"loc":{"start":{"line":2,"column":8131},"end":{"line":2,"column":8473}},"type":"if","locations":[{"start":{"line":2,"column":8131},"end":{"line":2,"column":8473}},{"start":{"line":2,"column":8438},"end":{"line":2,"column":8473}}],"line":2},"81":{"loc":{"start":{"line":2,"column":8152},"end":{"line":2,"column":8346}},"type":"if","locations":[{"start":{"line":2,"column":8152},"end":{"line":2,"column":8346}},{"start":{"line":2,"column":8225},"end":{"line":2,"column":8346}}],"line":2},"82":{"loc":{"start":{"line":2,"column":8474},"end":{"line":2,"column":8571}},"type":"if","locations":[{"start":{"line":2,"column":8474},"end":{"line":2,"column":8571}},{"start":{},"end":{}}],"line":2},"83":{"loc":{"start":{"line":2,"column":8571},"end":{"line":2,"column":8746}},"type":"if","locations":[{"start":{"line":2,"column":8571},"end":{"line":2,"column":8746}},{"start":{},"end":{}}],"line":2},"84":{"loc":{"start":{"line":2,"column":8760},"end":{"line":2,"column":8780}},"type":"if","locations":[{"start":{"line":2,"column":8760},"end":{"line":2,"column":8780}},{"start":{},"end":{}}],"line":2},"85":{"loc":{"start":{"line":2,"column":8823},"end":{"line":2,"column":8904}},"type":"if","locations":[{"start":{"line":2,"column":8823},"end":{"line":2,"column":8904}},{"start":{},"end":{}}],"line":2},"86":{"loc":{"start":{"line":2,"column":9467},"end":{"line":2,"column":9622}},"type":"if","locations":[{"start":{"line":2,"column":9467},"end":{"line":2,"column":9622}},{"start":{"line":2,"column":9518},"end":{"line":2,"column":9622}}],"line":2},"87":{"loc":{"start":{"line":2,"column":9519},"end":{"line":2,"column":9621}},"type":"if","locations":[{"start":{"line":2,"column":9519},"end":{"line":2,"column":9621}},{"start":{},"end":{}}],"line":2},"88":{"loc":{"start":{"line":2,"column":9628},"end":{"line":2,"column":9655}},"type":"binary-expr","locations":[{"start":{"line":2,"column":9628},"end":{"line":2,"column":9629}},{"start":{"line":2,"column":9631},"end":{"line":2,"column":9655}}],"line":2},"89":{"loc":{"start":{"line":2,"column":9762},"end":{"line":2,"column":10258}},"type":"switch","locations":[{"start":{"line":2,"column":9782},"end":{"line":2,"column":9965}},{"start":{"line":2,"column":9965},"end":{"line":2,"column":9972}},{"start":{"line":2,"column":9972},"end":{"line":2,"column":10257}}],"line":2},"90":{"loc":{"start":{"line":2,"column":9789},"end":{"line":2,"column":9820}},"type":"if","locations":[{"start":{"line":2,"column":9789},"end":{"line":2,"column":9820}},{"start":{},"end":{}}],"line":2},"91":{"loc":{"start":{"line":2,"column":9820},"end":{"line":2,"column":9959}},"type":"if","locations":[{"start":{"line":2,"column":9820},"end":{"line":2,"column":9959}},{"start":{"line":2,"column":9903},"end":{"line":2,"column":9959}}],"line":2},"92":{"loc":{"start":{"line":2,"column":9850},"end":{"line":2,"column":9898}},"type":"if","locations":[{"start":{"line":2,"column":9850},"end":{"line":2,"column":9898}},{"start":{},"end":{}}],"line":2},"93":{"loc":{"start":{"line":2,"column":9979},"end":{"line":2,"column":10252}},"type":"if","locations":[{"start":{"line":2,"column":9979},"end":{"line":2,"column":10252}},{"start":{},"end":{}}],"line":2},"94":{"loc":{"start":{"line":2,"column":10025},"end":{"line":2,"column":10251}},"type":"if","locations":[{"start":{"line":2,"column":10025},"end":{"line":2,"column":10251}},{"start":{},"end":{}}],"line":2},"95":{"loc":{"start":{"line":2,"column":10123},"end":{"line":2,"column":10205}},"type":"if","locations":[{"start":{"line":2,"column":10123},"end":{"line":2,"column":10205}},{"start":{},"end":{}}],"line":2},"96":{"loc":{"start":{"line":2,"column":10212},"end":{"line":2,"column":10250}},"type":"if","locations":[{"start":{"line":2,"column":10212},"end":{"line":2,"column":10250}},{"start":{},"end":{}}],"line":2},"97":{"loc":{"start":{"line":2,"column":10315},"end":{"line":2,"column":10330}},"type":"if","locations":[{"start":{"line":2,"column":10315},"end":{"line":2,"column":10330}},{"start":{},"end":{}}],"line":2},"98":{"loc":{"start":{"line":2,"column":10357},"end":{"line":2,"column":10382}},"type":"cond-expr","locations":[{"start":{"line":2,"column":10360},"end":{"line":2,"column":10379}},{"start":{"line":2,"column":10380},"end":{"line":2,"column":10382}}],"line":2},"99":{"loc":{"start":{"line":2,"column":10404},"end":{"line":2,"column":10530}},"type":"if","locations":[{"start":{"line":2,"column":10404},"end":{"line":2,"column":10530}},{"start":{},"end":{}}],"line":2},"100":{"loc":{"start":{"line":2,"column":10579},"end":{"line":2,"column":10614}},"type":"binary-expr","locations":[{"start":{"line":2,"column":10580},"end":{"line":2,"column":10596}},{"start":{"line":2,"column":10599},"end":{"line":2,"column":10614}}],"line":2},"101":{"loc":{"start":{"line":2,"column":10671},"end":{"line":2,"column":10717}},"type":"if","locations":[{"start":{"line":2,"column":10671},"end":{"line":2,"column":10717}},{"start":{},"end":{}}],"line":2},"102":{"loc":{"start":{"line":2,"column":10777},"end":{"line":2,"column":10802}},"type":"binary-expr","locations":[{"start":{"line":2,"column":10777},"end":{"line":2,"column":10799}},{"start":{"line":2,"column":10801},"end":{"line":2,"column":10802}}],"line":2},"103":{"loc":{"start":{"line":2,"column":10871},"end":{"line":2,"column":10932}},"type":"if","locations":[{"start":{"line":2,"column":10871},"end":{"line":2,"column":10932}},{"start":{},"end":{}}],"line":2},"104":{"loc":{"start":{"line":2,"column":11209},"end":{"line":2,"column":11272}},"type":"if","locations":[{"start":{"line":2,"column":11209},"end":{"line":2,"column":11272}},{"start":{"line":2,"column":11265},"end":{"line":2,"column":11272}}],"line":2},"105":{"loc":{"start":{"line":2,"column":11342},"end":{"line":2,"column":11361}},"type":"binary-expr","locations":[{"start":{"line":2,"column":11342},"end":{"line":2,"column":11348}},{"start":{"line":2,"column":11350},"end":{"line":2,"column":11361}}],"line":2},"106":{"loc":{"start":{"line":2,"column":11453},"end":{"line":2,"column":11465}},"type":"binary-expr","locations":[{"start":{"line":2,"column":11453},"end":{"line":2,"column":11461}},{"start":{"line":2,"column":11463},"end":{"line":2,"column":11465}}],"line":2},"107":{"loc":{"start":{"line":2,"column":11485},"end":{"line":2,"column":11495}},"type":"binary-expr","locations":[{"start":{"line":2,"column":11485},"end":{"line":2,"column":11491}},{"start":{"line":2,"column":11493},"end":{"line":2,"column":11495}}],"line":2},"108":{"loc":{"start":{"line":2,"column":11539},"end":{"line":2,"column":11857}},"type":"if","locations":[{"start":{"line":2,"column":11539},"end":{"line":2,"column":11857}},{"start":{},"end":{}}],"line":2},"109":{"loc":{"start":{"line":2,"column":11542},"end":{"line":2,"column":11580}},"type":"binary-expr","locations":[{"start":{"line":2,"column":11542},"end":{"line":2,"column":11557}},{"start":{"line":2,"column":11560},"end":{"line":2,"column":11579}}],"line":2},"110":{"loc":{"start":{"line":2,"column":11582},"end":{"line":2,"column":11610}},"type":"if","locations":[{"start":{"line":2,"column":11582},"end":{"line":2,"column":11610}},{"start":{},"end":{}}],"line":2},"111":{"loc":{"start":{"line":2,"column":11764},"end":{"line":2,"column":11856}},"type":"if","locations":[{"start":{"line":2,"column":11764},"end":{"line":2,"column":11856}},{"start":{},"end":{}}],"line":2},"112":{"loc":{"start":{"line":2,"column":11861},"end":{"line":2,"column":11876}},"type":"if","locations":[{"start":{"line":2,"column":11861},"end":{"line":2,"column":11876}},{"start":{},"end":{}}],"line":2},"113":{"loc":{"start":{"line":2,"column":11876},"end":{"line":2,"column":11891}},"type":"if","locations":[{"start":{"line":2,"column":11876},"end":{"line":2,"column":11891}},{"start":{},"end":{}}],"line":2},"114":{"loc":{"start":{"line":2,"column":11957},"end":{"line":2,"column":12068}},"type":"if","locations":[{"start":{"line":2,"column":11957},"end":{"line":2,"column":12068}},{"start":{"line":2,"column":11993},"end":{"line":2,"column":12068}}],"line":2},"115":{"loc":{"start":{"line":2,"column":11994},"end":{"line":2,"column":12067}},"type":"if","locations":[{"start":{"line":2,"column":11994},"end":{"line":2,"column":12067}},{"start":{},"end":{}}],"line":2},"116":{"loc":{"start":{"line":2,"column":12086},"end":{"line":2,"column":12166}},"type":"if","locations":[{"start":{"line":2,"column":12086},"end":{"line":2,"column":12166}},{"start":{},"end":{}}],"line":2},"117":{"loc":{"start":{"line":2,"column":12091},"end":{"line":2,"column":12113}},"type":"binary-expr","locations":[{"start":{"line":2,"column":12091},"end":{"line":2,"column":12092}},{"start":{"line":2,"column":12094},"end":{"line":2,"column":12113}}],"line":2},"118":{"loc":{"start":{"line":2,"column":12118},"end":{"line":2,"column":12165}},"type":"cond-expr","locations":[{"start":{"line":2,"column":12134},"end":{"line":2,"column":12150}},{"start":{"line":2,"column":12151},"end":{"line":2,"column":12165}}],"line":2},"119":{"loc":{"start":{"line":2,"column":14208},"end":{"line":2,"column":14266}},"type":"if","locations":[{"start":{"line":2,"column":14208},"end":{"line":2,"column":14266}},{"start":{},"end":{}}],"line":2},"120":{"loc":{"start":{"line":2,"column":14244},"end":{"line":2,"column":14264}},"type":"cond-expr","locations":[{"start":{"line":2,"column":14255},"end":{"line":2,"column":14262}},{"start":{"line":2,"column":14263},"end":{"line":2,"column":14264}}],"line":2},"121":{"loc":{"start":{"line":2,"column":14244},"end":{"line":2,"column":14254}},"type":"binary-expr","locations":[{"start":{"line":2,"column":14244},"end":{"line":2,"column":14245}},{"start":{"line":2,"column":14247},"end":{"line":2,"column":14254}}],"line":2},"122":{"loc":{"start":{"line":2,"column":14336},"end":{"line":2,"column":14349}},"type":"if","locations":[{"start":{"line":2,"column":14336},"end":{"line":2,"column":14349}},{"start":{},"end":{}}],"line":2},"123":{"loc":{"start":{"line":2,"column":14648},"end":{"line":2,"column":14698}},"type":"if","locations":[{"start":{"line":2,"column":14648},"end":{"line":2,"column":14698}},{"start":{},"end":{}}],"line":2},"124":{"loc":{"start":{"line":2,"column":14798},"end":{"line":2,"column":14852}},"type":"cond-expr","locations":[{"start":{"line":2,"column":14832},"end":{"line":2,"column":14843}},{"start":{"line":2,"column":14844},"end":{"line":2,"column":14852}}],"line":2},"125":{"loc":{"start":{"line":2,"column":14859},"end":{"line":2,"column":14881}},"type":"binary-expr","locations":[{"start":{"l
[...]
 ","2041":" ","2042":" ","2043":" ","2044":"<","2045":"t","2046":"d","2047":">","2048":"{","2049":"{","2050":" ","2051":"g","2052":"a","2053":"m","2054":"e","2055":"D","2056":"a","2057":"t","2058":"e","2059":" ","2060":"}","2061":"}","2062":"<","2063":"/","2064":"t","2065":"d","2066":">","2067":"\\","2068":"r","2069":"\\","2070":"n","2071":" ","2072":" ","2073":" ","2074":" ","2075":" ","2076":" ","2077":" ","2078":" ","2079":" ","2080":" ","2081":" ","2082":" ","2083":" ","2084":" ","2085":" ","2086":" ","2087":"<","2088":"t","2089":"d","2090":">","2091":"{","2092":"{","2093":" ","2094":"T","2095":"i","2096":"m","2097":"e","2098":" ","2099":"}","2100":"}","2101":"<","2102":"/","2103":"t","2104":"d","2105":">","2106":"\\","2107":"r","2108":"\\","2109":"n","2110":" ","2111":" ","2112":" ","2113":" ","2114":" ","2115":" ","2116":" ","2117":" ","2118":" ","2119":" ","2120":" ","2121":" ","2122":" ","2123":" ","2124":" ","2125":" ","2126":"<","2127":"t","2128":"d","2129":">","2130":"{","2131":"{","2132":" ","2133":"P","2134":"o","2135":"i","2136":"n","2137":"t","2138":"s","2139":" ","2140":"}","2141":"}","2142":"<","2143":"/","2144":"t","2145":"d","2146":">","2147":"\\","2148":"r","2149":"\\","2150":"n","2151":" ","2152":" ","2153":" ","2154":" ","2155":" ","2156":" ","2157":" ","2158":" ","2159":" ","2160":" ","2161":" ","2162":" ","2163":" ","2164":" ","2165":" ","2166":" ","2167":"<","2168":"/","2169":"t","2170":"r","2171":">","2172":"\\","2173":"r","2174":"\\","2175":"n","2176":" ","2177":" ","2178":" ","2179":" ","2180":" ","2181":" ","2182":" ","2183":" ","2184":" ","2185":" ","2186":" ","2187":" ","2188":" ","2189":" ","2190":" ","2191":" ","2192":"<","2193":"t","2194":"r","2195":" ","2196":"c","2197":"l","2198":"a","2199":"s","2200":"s","2201":"=","2202":"\\","2203":"\"","2204":"p","2205":"l","2206":"a","2207":"y","2208":"e","2209":"r","2210":"\\","2211":"\"","2212":">","2213":"\\","2214":"r","2215":"\\","2216":"n","2217":" ","2218":" ","2219":" ","2220":" ","2221":" ","2222":" ","2223":" ","2224":" ","2225":" ","2226":" ","2227":" ","2228":" ","2229":" ","2230":" ","2231":" ","2232":" ","2233":"<","2234":"t","2235":"d","2236":">","2237":"6","2238":"<","2239":"/","2240":"t","2241":"d","2242":">","2243":"\\","2244":"r","2245":"\\","2246":"n","2247":" ","2248":" ","2249":" ","2250":" ","2251":" ","2252":" ","2253":" ","2254":" ","2255":" ","2256":" ","2257":" ","2258":" ","2259":" ","2260":" ","2261":" ","2262":" ","2263":"<","2264":"t","2265":"d","2266":">","2267":"{","2268":"{","2269":" ","2270":"u","2271":"s","2272":"e","2273":"r","2274":"N","2275":"a","2276":"m","2277":"e","2278":" ","2279":"}","2280":"}","2281":"<","2282":"/","2283":"t","2284":"d","2285":">","2286":"\\","2287":"r","2288":"\\","2289":"n","2290":" ","2291":" ","2292":" ","2293":" ","2294":" ","2295":" ","2296":" ","2297":" ","2298":" ","2299":" ","2300":" ","2301":" ","2302":" ","2303":" ","2304":" ","2305":" ","2306":"<","2307":"t","2308":"d","2309":">","2310":"{","2311":"{","2312":" ","2313":"g","2314":"a","2315":"m","2316":"e","2317":"D","2318":"a","2319":"t","2320":"e","2321":" ","2322":"}","2323":"}","2324":"<","2325":"/","2326":"t","2327":"d","2328":">","2329":"\\","2330":"r","2331":"\\","2332":"n","2333":" ","2334":" ","2335":" ","2336":" ","2337":" ","2338":" ","2339":" ","2340":" ","2341":" ","2342":" ","2343":" ","2344":" ","2345":" ","2346":" ","2347":" ","2348":" ","2349":"<","2350":"t","2351":"d","2352":">","2353":"{","2354":"{","2355":" ","2356":"T","2357":"i","2358":"m","2359":"e","2360":" ","2361":"}","2362":"}","2363":"<","2364":"/","2365":"t","2366":"d","2367":">","2368":"\\","2369":"r","2370":"\\","2371":"n","2372":" ","2373":" ","2374":" ","2375":" ","2376":" ","2377":" ","2378":" ","2379":" ","2380":" ","2381":" ","2382":" ","2383":" ","2384":" ","2385":" ","2386":" ","2387":" ","2388":"<","2389":"t","2390":"d","2391":">","2392":"{","2393":"{","2394":" ","2395":"P","2396":"o","2397":"i","2398":"n","2399":"t","2400":"s","2401":" ","2402":"}","2403":"}","2404":"<","2405":"/","2406":"t","2407":"d","2408":">","2409":"\\","2410":"r","2411":"\\","2412":"n","2413":" ","2414":" ","2415":" ","2416":" ","2417":" ","2418":" ","2419":" ","2420":" ","2421":" ","2422":" ","2423":" ","2424":" ","2425":" ","2426":" ","2427":" ","2428":" ","2429":"<","2430":"/","2431":"t","2432":"r","2433":">","2434":"\\","2435":"r","2436":"\\","2437":"n","2438":" ","2439":" ","2440":" ","2441":" ","2442":" ","2443":" ","2444":" ","2445":" ","2446":" ","2447":" ","2448":" ","2449":" ","2450":" ","2451":" ","2452":" ","2453":" ","2454":"<","2455":"t","2456":"r","2457":">","2458":"\\","2459":"r","2460":"\\","2461":"n","2462":" ","2463":" ","2464":" ","2465":" ","2466":" ","2467":" ","2468":" ","2469":" ","2470":" ","2471":" ","2472":" ","2473":" ","2474":" ","2475":" ","2476":" ","2477":" ","2478":"<","2479":"t","2480":"d","2481":">","2482":"7","2483":"<","2484":"/","2485":"t","2486":"d","2487":">","2488":"\\","2489":"r","2490":"\\","2491":"n","2492":" ","2493":" ","2494":" ","2495":" ","2496":" ","2497":" ","2498":" ","2499":" ","2500":" ","2501":" ","2502":" ","2503":" ","2504":" ","2505":" ","2506":" ","2507":" ","2508":"<","2509":"t","2510":"d","2511":">","2512":"{","2513":"{","2514":" ","2515":"u","2516":"s","2517":"e","2518":"r","2519":"N","2520":"a","2521":"m","2522":"e","2523":" ","2524":"}","2525":"}","2526":"<","2527":"/","2528":"t","2529":"d","2530":">","2531":"\\","2532":"r","2533":"\\","2534":"n","2535":" ","2536":" ","2537":" ","2538":" ","2539":" ","2540":" ","2541":" ","2542":" ","2543":" ","2544":" ","2545":" ","2546":" ","2547":" ","2548":" ","2549":" ","2550":" ","2551":"<","2552":"t","2553":"d","2554":">","2555":"{","2556":"{","2557":" ","2558":"g","2559":"a","2560":"m","2561":"e","2562":"D","2563":"a","2564":"t","2565":"e","2566":" ","2567":"}","2568":"}","2569":"<","2570":"/","2571":"t","2572":"d","2573":">","2574":"\\","2575":"r","2576":"\\","2577":"n","2578":" ","2579":" ","2580":" ","2581":" ","2582":" ","2583":" ","2584":" ","2585":" ","2586":" ","2587":" ","2588":" ","2589":" ","2590":" ","2591":" ","2592":" ","2593":" ","2594":"<","2595":"t","2596":"d","2597":">","2598":"{","2599":"{","2600":" ","2601":"T","2602":"i","2603":"m","2604":"e","2605":" ","2606":"}","2607":"}","2608":"<","2609":"/","2610":"t","2611":"d","2612":">","2613":"\\","2614":"r","2615":"\\","2616":"n","2617":" ","2618":" ","2619":" ","2620":" ","2621":" ","2622":" ","2623":" ","2624":" ","2625":" ","2626":" ","2627":" ","2628":" ","2629":" ","2630":" ","2631":" ","2632":" ","2633":"<","2634":"t","2635":"d","2636":">","2637":"{","2638":"{","2639":" ","2640":"P","2641":"o","2642":"i","2643":"n","2644":"t","2645":"s","2646":" ","2647":"}","2648":"}","2649":"<","2650":"/","2651":"t","2652":"d","2653":">","2654":"\\","2655":"r","2656":"\\","2657":"n","2658":" ","2659":" ","2660":" ","2661":" ","2662":" ","2663":" ","2664":" ","2665":" ","2666":" ","2667":" ","2668":" ","2669":" ","2670":" ","2671":" ","2672":" ","2673":" ","2674":"<","2675":"/","2676":"t","2677":"r","2678":">","2679":"\\","2680":"r","2681":"\\","2682":"n","2683":" ","2684":" ","2685":" ","2686":" ","2687":" ","2688":" ","2689":" ","2690":" ","2691":" ","2692":" ","2693":" ","2694":" ","2695":" ","2696":" ","2697":" ","2698":" ","2699":"<","2700":"t","2701":"r","2702":">","2703":"\\","2704":"r","2705":"\\","2706":"n","2707":" ","2708":" ","2709":" ","2710":" ","2711":" ","2712":" ","2713":" ","2714":" ","2715":" ","2716":" ","2717":" ","2718":" ","2719":" ","2720":" ","2721":" ","2722":" ","2723":"<","2724":"t","2725":"d","2726":">","2727":"8","2728":"<","2729":"/","2730":"t","2731":"d","2732":">","2733":"\\","2734":"r","2735":"\\","2736":"n","2737":" ","2738":" ","2739":" ","2740":" ","2741":" ","2742":" ","2743":" ","2744":" ","2745":" ","2746":" ","2747":" ","2748":" ","2749":" ","2750":" ","2751":" ","2752":" ","2753":"<","2754":"t","2755":"d","2756":">","2757":"{","2758":"{","2759":" ","2760":"u","2761":"s","2762":"e","2763":"r","2764":"N","2765":"a","2766":"m","2767":"e","2768":" ","2769":"}","2770":"}","2771":"<","2772":"/","2773":"t","2774":"d","2775":">","2776":"\\","2777":"r","2778":"\\","2779":"n","2780":" ","2781":" ","2782":" ","2783":" ","2784":" ","2785":" ","2786":" ","2787":" ","2788":" ","2789":" ","2790":" ","2791":" ","2792":" ","2793":" ","2794":" ","2795":" ","2796":"<","2797":"t","2798":"d","2799":">","2800":"{","2801":"{","2802":" ","2803":"g","2804":"a","2805":"m","2806":"e","2807":"D","2808":"a","2809":"t","2810":"e","2811":" ","2812":"}","2813":"}","2814":"<","2815":"/","2816":"t","2817":"d","2818":">","2819":"\\","2820":"r","2821":"\\","2822":"n","2823":" ","2824":" ","2825":" ","2826":" ","2827":" ","2828":" ","2829":" ","2830":" ","2831":" ","2832":" ","2833":" ","2834":" ","2835":" ","2836":" ","2837":" ","2838":" ","2839":"<","2840":"t","2841":"d","2842":">","2843":"{","2844":"{","2845":" ","2846":"T","2847":"i","2848":"m","2849":"e","2850":" ","2851":"}","2852":"}","2853":"<","2854":"/","2855":"t","2856":"d","2857":">","2858":"\\","2859":"r","2860":"\\","2861":"n","2862":" ","2863":" ","2864":" ","2865":" ","2866":" ","2867":" ","2868":" ","2869":" ","2870":" ","2871":" ","2872":" ","2873":" ","2874":" ","2875":" ","2876":" ","2877":" ","2878":"<","2879":"t","2880":"d","2881":">","2882":"{","2883":"{","2884":" ","2885":"P","2886":"o","2887":"i","2888":"n","2889":"t","2890":"s","2891":" ","2892":"}","2893":"}","2894":"<","2895":"/","2896":"t","2897":"d","2898":">","2899":"\\","2900":"r","2901":"\\","2902":"n","2903":" ","2904":" ","2905":" ","2906":" ","2907":" ","2908":" ","2909":" ","2910":" ","2911":" ","2912":" ","2913":" ","2914":" ","2915":" ","2916":" ","2917":" ","2918":" ","2919":"<","2920":"/","2921":"t","2922":"r","2923":">","2924":"\\","2925":"r","2926":"\\","2927":"n","2928":" ","2929":" ","2930":" ","2931":" ","2932":" ","2933":" ","2934":" ","2935":" ","2936":" ","2937":" ","2938":" ","2939":" ","2940":" ","2941":" ","2942":" ","2943":" ","2944":"<","2945":"t","2946":"r","2947":">","2948":"\\","2949":"r","2950":"\\","2951":"n","2952":" ","2953":" ","2954":" ","2955":" ","2956":" ","2957":" ","2958":" ","2959":" ","2960":" ","2961":" ","2962":" ","2963":" ","2964":" ","2965":" ","2966":" ","2967":" ","2968":"<","2969":"t","2970":"d","2971":">","2972":"9","2973":"<","2974":"/","2975":"t","2976":"d","2977":">","2978":"\\","2979":"r","2980":"\\","2981":"n","2982":" ","2983":" ","2984":" ","2985":" ","2986":" ","2987":" ","2988":" ","2989":" ","2990":" ","2991":" ","2992":" ","2993":" ","2994":" ","2995":" ","2996":" ","2997":" ","2998":"<","2999":"t","3000":"d","3001":">","3002":"{","3003":"{","3004":" ","3005":"u","3006":"s","3007":"e","3008":"r","3009":"N","3010":"a","3011":"m","3012":"e","3013":" ","3014":"}","3015":"}","3016":"<","3017":"/","3018":"t","3019":"d","3020":">","3021":"\\","3022":"r","3023":"\\","3024":"n","3025":" ","3026":" ","3027":" ","3028":" ","3029":" ","3030":" ","3031":" ","3032":" ","3033":" ","3034":" ","3035":" ","3036":" ","3037":" ","3038":" ","3039":" ","3040":" ","3041":"<","3042":"t","3043":"d","3044":">","3045":"{","3046":"{","3047":" ","3048":"g","3049":"a","3050":"m","3051":"e","3052":"D","3053":"a","3054":"t","3055":"e","3056":" ","3057":"}","3058":"}","3059":"<","3060":"/","3061":"t","3062":"d","3063":">","3064":"\\","3065":"r","3066":"\\","3067":"n","3068":" ","3069":" ","3070":" ","3071":" ","3072":" ","3073":" ","3074":" ","3075":" ","3076":" ","3077":" ","3078":" ","3079":" ","3080":" ","3081":" ","3082":" ","3083":" ","3084":"<","3085":"t","3086":"d","3087":">","3088":"{","3089":"{","3090":" ","3091":"T","3092":"i","3093":"m","3094":"e","3095":" ","3096":"}","3097":"}","3098":"<","3099":"/","3100":"t","3101":"d","3102":">","3103":"\\","3104":"r","3105":"\\","3106":"n","3107":" ","3108":" ","3109":" ","3110":" ","3111":" ","3112":" ","3113":" ","3114":" ","3115":" ","3116":" ","3117":" ","3118":" ","3119":" ","3120":" ","3121":" ","3122":" ","3123":"<","3124":"t","3125":"d","3126":">","3127":"{","3128":"{","3129":" ","3130":"P","3131":"o","3132":"i","3133":"n","3134":"t","3135":"s","3136":" ","3137":"}","3138":"}","3139":"<","3140":"/","3141":"t","3142":"d","3143":">","3144":"\\","3145":"r","3146":"\\","3147":"n","3148":" ","3149":" ","3150":" ","3151":" ","3152":" ","3153":" ","3154":" ","3155":" ","3156":" ","3157":" ","3158":" ","3159":" ","3160":" ","3161":" ","3162":" ","3163":" ","3164":"<","3165":"/","3166":"t","3167":"r","3168":">","3169":"\\","3170":"r","3171":"\\","3172":"n","3173":" ","3174":" ","3175":" ","3176":" ","3177":" ","3178":" ","3179":" ","3180":" ","3181":" ","3182":" ","3183":" ","3184":" ","3185":" ","3186":" ","3187":" ","3188":" ","3189":"<","3190":"t","3191":"r","3192":">","3193":"\\","3194":"r","3195":"\\","3196":"n","3197":" ","3198":" ","3199":" ","3200":" ","3201":" ","3202":" ","3203":" ","3204":" ","3205":" ","3206":" ","3207":" ","3208":" ","3209":" ","3210":" ","3211":" ","3212":" ","3213":"<","3214":"t","3215":"d","3216":">","3217":"1","3218":"0","3219":"<","3220":"/","3221":"t","3222":"d","3223":">","3224":"\\","3225":"r","3226":"\\","3227":"n","3228":" ","3229":" ","3230":" ","3231":" ","3232":" ","3233":" ","3234":" ","3235":" ","3236":" ","3237":" ","3238":" ","3239":" ","3240":" ","3241":" ","3242":" ","3243":" ","3244":"<","3245":"t","3246":"d","3247":">","3248":"{","3249":"{","3250":" ","3251":"u","3252":"s","3253":"e","3254":"r","3255":"N","3256":"a","3257":"m","3258":"e","3259":" ","3260":"}","3261":"}","3262":"<","3263":"/","3264":"t","3265":"d","3266":">","3267":"\\","3268":"r","3269":"\\","3270":"n","3271":" ","3272":" ","3273":" ","3274":" ","3275":" ","3276":" ","3277":" ","3278":" ","3279":" ","3280":" ","3281":" ","3282":" ","3283":" ","3284":" ","3285":" ","3286":" ","3287":"<","3288":"t","3289":"d","3290":">","3291":"{","3292":"{","3293":" ","3294":"g","3295":"a","3296":"m","3297":"e","3298":"D","3299":"a","3300":"t","3301":"e","3302":" ","3303":"}","3304":"}","3305":"<","3306":"/","3307":"t","3308":"d","3309":">","3310":"\\","3311":"r","3312":"\\","3313":"n","3314":" ","3315":" ","3316":" ","3317":" ","3318":" ","3319":" ","3320":" ","3321":" ","3322":" ","3323":" ","3324":" ","3325":" ","3326":" ","3327":" ","3328":" ","3329":" ","3330":"<","3331":"t","3332":"d","3333":">","3334":"{","3335":"{","3336":" ","3337":"t","3338":"i","3339":"m","3340":"e","3341":" ","3342":"}","3343":"}","3344":"<","3345":"/","3346":"t","3347":"d","3348":">","3349":"\\","3350":"r","3351":"\\","3352":"n","3353":" ","3354":" ","3355":" ","3356":" ","3357":" ","3358":" ","3359":" ","3360":" ","3361":" ","3362":" ","3363":" ","3364":" ","3365":" ","3366":" ","3367":" ","3368":" ","3369":"<","3370":"t","3371":"d","3372":">","3373":"{","3374":"{","3375":" ","3376":"p","3377":"o","3378":"i","3379":"n","3380":"t","3381":"s","3382":" ","3383":"}","3384":"}","3385":"<","3386":"/","3387":"t","3388":"d","3389":">","3390":"\\","3391":"r","3392":"\\","3393":"n","3394":" ","3395":" ","3396":" ","3397":" ","3398":" ","3399":" ","3400":" ","3401":" ","3402":" ","3403":" ","3404":" ","3405":" ","3406":" ","3407":" ","3408":" ","3409":" ","3410":"<","3411":"/","3412":"t","3413":"r","3414":">","3415":"\\","3416":"r","3417":"\\","3418":"n","3419":" ","3420":" ","3421":" ","3422":" ","3423":" ","3424":" ","3425":" ","3426":" ","3427":" ","3428":" ","3429":" ","3430":" ","3431":"<","3432":"/","3433":"t","3434":"a","3435":"b","3436":"l","3437":"e","3438":">","3439":"\\","3440":"r","3441":"\\","3442":"n","3443":" ","3444":" ","3445":" ","3446":" ","3447":" ","3448":" ","3449":" ","3450":" ","3451":"<","3452":"/","3453":"d","3454":"i","3455":"v","3456":">","3457":"\\","3458":"r","3459":"\\","3460":"n","3461":"<","3462":"/","3463":"t","3464":"e","3465":"m","3466":"p","3467":"l","3468":"a","3469":"t","3470":"e","3471":">","3472":"\\","3473":"r","3474":"\\","3475":"n","3476":"\\","3477":"r","3478":"\\","3479":"n","3480":"<","3481":"s","3482":"c","3483":"r","3484":"i","3485":"p","3486":"t","3487":">","3488":"\\","3489":"r","3490":"\\","3491":"n","3492":"e","3493":"x","3494":"p","3495":"o","3496":"r","3497":"t","3498":" ","3499":"d","3500":"e","3501":"f","3502":"a","3503":"u","3504":"l","3505":"t","3506":" ","3507":"{","3508":"\\","3509":"r","3510":"\\","3511":"n","3512":" ","3513":" ","3514":" ","3515":" ","3516":"n","3517":"a","3518":"m","3519":"e","3520":":","3521":" ","3522":"'","3523":"R","3524":"e","3525":"s","3526":"u","3527":"l","3528":"t","3529":"s","3530":"P","3531":"a","3532":"g","3533":"e","3534":"'","3535":",","3536":"\\","3537":"r","3538":"\\","3539":"n","3540":" ","3541":" ","3542":" ","3543":" ","3544":"d","3545":"a","3546":"t","3547":"a","3548":"(","3549":")","3550":" ","3551":"{","3552":"\\","3553":"r","3554":"\\","3555":"n","3556":" ","3557":" ","3558":" ","3559":" ","3560":" ","3561":" ","3562":" ","3563":" ","3564":"r","3565":"e","3566":"t","3567":"u","3568":"r","3569":"n","3570":" ","3571":"{","3572":"\\","3573":"r","3574":"\\","3575":"n","3576":" ","3577":" ","3578":" ","3579":" ","3580":" ","3581":" ","3582":" ","3583":" ","3584":" ","3585":" ","3586":" ","3587":" ","3588":"m","3589":"e","3590":"s","3591":"s","3592":"a","3593":"g","3594":"e","3595":":","3596":" ","3597":"'","3598":"E","3599":"n","3600":" ","3601":"l","3602":"i","3603":"t","3604":"e","3605":"n","3606":" ","3607":"k","3608":"n","3609":"a","3610":"p","3611":"p","3612":"'","3613":",","3614":"\\","3615":"r","3616":"\\","3617":"n","3618":" ","3619":" ","3620":" ","3621":" ","3622":" ","3623":" ","3624":" ","3625":" ","3626":"}","3627":";","3628":"\\","3629":"r","3630":"\\","3631":"n","3632":" ","3633":" ","3634":" ","3635":" ","3636":"}","3637":",","3638":"\\","3639":"r","3640":"\\","3641":"n","3642":" ","3643":" ","3644":" ","3645":" ","3646":"m","3647":"e","3648":"t","3649":"h","3650":"o","3651":"d","3652":"s","3653":":","3654":" ","3655":"{","3656":"\\","3657":"r","3658":"\\","3659":"n","3660":" ","3661":" ","3662":" ","3663":" ","3664":" ","3665":" ","3666":" ","3667":" ","3668":"s","3669":"a","3670":"y","3671":"H","3672":"e","3673":"l","3674":"l","3675":"o","3676":"(","3677":")","3678":" ","3679":"{","3680":"\\","3681":"r","3682":"\\","3683":"n","3684":" ","3685":" ","3686":" ","3687":" ","3688":" ","3689":" ","3690":" ","3691":" ","3692":" ","3693":" ","3694":" ","3695":" ","3696":"a","3697":"l","3698":"e","3699":"r","3700":"t","3701":"(","3702":"'","3703":"H","3704":"e","3705":"l","3706":"l","3707":"o","3708":" ","3709":"f","3710":"r","3711":"o","3712":"m","3713":" ","3714":"t","3715":"h","3716":"e","3717":" ","3718":"R","3719":"e","3720":"s","3721":"u","3722":"l","3723":"t","3724":"s","3725":" ","3726":"P","3727":"a","3728":"g","3729":"e","3730":"'","3731":")","3732":";","3733":"\\","3734":"r","3735":"\\","3736":"n","3737":" ","3738":" ","3739":" ","3740":" ","3741":" ","3742":" ","3743":" ","3744":" ","3745":"}","3746":",","3747":"\\","3748":"r","3749":"\\","3750":"n","3751":" ","3752":" ","3753":" ","3754":" ","3755":"}","3756":",","3757":"\\","3758":"r","3759":"\\","3760":"n","3761":"}","3762":";","3763":"\\","3764":"r","3765":"\\","3766":"n","3767":"<","3768":"/","3769":"s","3770":"c","3771":"r","3772":"i","3773":"p","3774":"t","3775":">","3776":"\\","3777":"r","3778":"\\","3779":"n","3780":"\\","3781":"r","3782":"\\","3783":"n","3784":"<","3785":"s","3786":"t","3787":"y","3788":"l","3789":"e","3790":" ","3791":"s","3792":"c","3793":"o","3794":"p","3795":"e","3796":"d","3797":">","3798":"\\","3799":"r","3800":"\\","3801":"n","3802":"/","3803":"*","3804":" ","3805":"C","3806":"S","3807":"S","3808":" ","3809":"f","3810":"o","3811":"r","3812":" ","3813":"R","3814":"e","3815":"s","3816":"u","3817":"l","3818":"t","3819":" ","3820":"c","3821":"o","3822":"m","3823":"p","3824":"o","3825":"n","3826":"e","3827":"n","3828":"t","3829":" ","3830":"*","3831":"/","3832":"\\","3833":"r","3834":"\\","3835":"n","3836":"<","3837":"/","3838":"s","3839":"t","3840":"y","3841":"l","3842":"e","3843":">","3844":"\"","3845":"]","3846":"}"}}
}
