{"D:\\plugg\\webbteknik 6\\Projekt\\mitt-fullstack-projekt\\backend\\index.js": {"path":"D:\\plugg\\webbteknik 6\\Projekt\\mitt-fullstack-projekt\\backend\\index.js","statementMap":{"0":{"start":{"line":10,"column":0},"end":{"line":10,"column":16}},"1":{"start":{"line":13,"column":0},"end":{"line":15,"column":71}},"2":{"start":{"line":14,"column":14},"end":{"line":14,"column":52}},"3":{"start":{"line":15,"column":16},"end":{"line":15,"column":69}},"4":{"start":{"line":17,"column":12},"end":{"line":17,"column":21}},"5":{"start":{"line":19,"column":0},"end":{"line":19,"column":16}},"6":{"start":{"line":20,"column":0},"end":{"line":20,"column":24}},"7":{"start":{"line":21,"column":0},"end":{"line":21,"column":32}},"8":{"start":{"line":22,"column":0},"end":{"line":22,"column":48}},"9":{"start":{"line":25,"column":0},"end":{"line":31,"column":4}},"10":{"start":{"line":34,"column":0},"end":{"line":36,"column":3}},"11":{"start":{"line":35,"column":4},"end":{"line":35,"column":46}},"12":{"start":{"line":39,"column":0},"end":{"line":42,"column":3}},"13":{"start":{"line":40,"column":4},"end":{"line":40,"column":70}},"14":{"start":{"line":41,"column":4},"end":{"line":41,"column":48}},"15":{"start":{"line":47,"column":20},"end":{"line":57,"column":1}},"16":{"start":{"line":48,"column":4},"end":{"line":56,"column":5}},"17":{"start":{"line":49,"column":19},"end":{"line":51,"column":8}},"18":{"start":{"line":50,"column":8},"end":{"line":50,"column":60}},"19":{"start":{"line":52,"column":6},"end":{"line":52,"column":20}},"20":{"start":{"line":54,"column":6},"end":{"line":54,"column":66}},"21":{"start":{"line":55,"column":6},"end":{"line":55,"column":32}},"22":{"start":{"line":59,"column":0},"end":{"line":59,"column":51}}},"fnMap":{"0":{"name":"(anonymous_0)","decl":{"start":{"line":14,"column":8},"end":{"line":14,"column":9}},"loc":{"start":{"line":14,"column":14},"end":{"line":14,"column":52}},"line":14},"1":{"name":"(anonymous_1)","decl":{"start":{"line":15,"column":9},"end":{"line":15,"column":10}},"loc":{"start":{"line":15,"column":16},"end":{"line":15,"column":69}},"line":15},"2":{"name":"(anonymous_2)","decl":{"start":{"line":34,"column":13},"end":{"line":34,"column":14}},"loc":{"start":{"line":34,"column":27},"end":{"line":36,"column":1}},"line":34},"3":{"name":"(anonymous_3)","decl":{"start":{"line":39,"column":20},"end":{"line":39,"column":21}},"loc":{"start":{"line":39,"column":34},"end":{"line":42,"column":1}},"line":39},"4":{"name":"(anonymous_4)","decl":{"start":{"line":47,"column":20},"end":{"line":47,"column":21}},"loc":{"start":{"line":47,"column":30},"end":{"line":57,"column":1}},"line":47},"5":{"name":"(anonymous_5)","decl":{"start":{"line":49,"column":36},"end":{"line":49,"column":37}},"loc":{"start":{"line":49,"column":42},"end":{"line":51,"column":7}},"line":49}},"branchMap":{"0":{"loc":{"start":{"line":48,"column":4},"end":{"line":56,"column":5}},"type":"if","locations":[{"start":{"line":48,"column":4},"end":{"line":56,"column":5}},{"start":{"line":53,"column":11},"end":{"line":56,"column":5}}],"line":48}},"s":{"0":2,"1":2,"2":2,"3":0,"4":2,"5":2,"6":2,"7":2,"8":2,"9":2,"10":2,"11":1,"12":2,"13":0,"14":0,"15":2,"16":4,"17":2,"18":2,"19":2,"20":2,"21":2,"22":2},"f":{"0":2,"1":0,"2":1,"3":0,"4":4,"5":2},"b":{"0":[2,2]},"_coverageSchema":"1a1c01bbd47fc00a2c39e90264f33305004495a9","hash":"d6070c325c395de2027e955a147a500f7c9a5c05"}
,"D:\\plugg\\webbteknik 6\\Projekt\\mitt-fullstack-projekt\\backend\\integrations\\quizApiIntegration.js": {"path":"D:\\plugg\\webbteknik 6\\Projekt\\mitt-fullstack-projekt\\backend\\integrations\\quizApiIntegration.js","statementMap":{"0":{"start":{"line":4,"column":0},"end":{"line":4,"column":16}},"1":{"start":{"line":7,"column":41},"end":{"line":34,"column":1}},"2":{"start":{"line":8,"column":2},"end":{"line":33,"column":3}},"3":{"start":{"line":10,"column":21},"end":{"line":18,"column":56}},"4":{"start":{"line":18,"column":21},"end":{"line":18,"column":55}},"5":{"start":{"line":21,"column":17},"end":{"line":26,"column":5}},"6":{"start":{"line":22,"column":48},"end":{"line":25,"column":7}},"7":{"start":{"line":24,"column":39},"end":{"line":24,"column":47}},"8":{"start":{"line":27,"column":4},"end":{"line":27,"column":44}},"9":{"start":{"line":28,"column":4},"end":{"line":28,"column":16}},"10":{"start":{"line":31,"column":4},"end":{"line":31,"column":67}},"11":{"start":{"line":32,"column":4},"end":{"line":32,"column":16}},"12":{"start":{"line":37,"column":41},"end":{"line":56,"column":1}},"13":{"start":{"line":38,"column":2},"end":{"line":55,"column":3}},"14":{"start":{"line":40,"column":24},"end":{"line":40,"column":80}},"15":{"start":{"line":43,"column":17},"end":{"line":48,"column":5}},"16":{"start":{"line":44,"column":59},"end":{"line":47,"column":7}},"17":{"start":{"line":50,"column":4},"end":{"line":50,"column":16}},"18":{"start":{"line":53,"column":4},"end":{"line":53,"column":67}},"19":{"start":{"line":54,"column":4},"end":{"line":54,"column":16}}},"fnMap":{"0":{"name":"(anonymous_0)","decl":{"start":{"line":7,"column":41},"end":{"line":7,"column":42}},"loc":{"start":{"line":7,"column":53},"end":{"line":34,"column":1}},"line":7},"1":{"name":"(anonymous_1)","decl":{"start":{"line":18,"column":15},"end":{"line":18,"column":16}},"loc":{"start":{"line":18,"column":21},"end":{"line":18,"column":55}},"line":18},"2":{"name":"(anonymous_2)","decl":{"start":{"line":22,"column":35},"end":{"line":22,"column":36}},"loc":{"start":{"line":22,"column":48},"end":{"line":25,"column":7}},"line":22},"3":{"name":"(anonymous_3)","decl":{"start":{"line":24,"column":32},"end":{"line":24,"column":33}},"loc":{"start":{"line":24,"column":39},"end":{"line":24,"column":47}},"line":24},"4":{"name":"(anonymous_4)","decl":{"start":{"line":37,"column":41},"end":{"line":37,"column":42}},"loc":{"start":{"line":37,"column":53},"end":{"line":56,"column":1}},"line":37},"5":{"name":"(anonymous_5)","decl":{"start":{"line":44,"column":46},"end":{"line":44,"column":47}},"loc":{"start":{"line":44,"column":59},"end":{"line":47,"column":7}},"line":44}},"branchMap":{},"s":{"0":2,"1":2,"2":1,"3":1,"4":1,"5":0,"6":0,"7":0,"8":0,"9":0,"10":1,"11":1,"12":2,"13":0,"14":0,"15":0,"16":0,"17":0,"18":0,"19":0},"f":{"0":1,"1":1,"2":0,"3":0,"4":0,"5":0},"b":{},"_coverageSchema":"1a1c01bbd47fc00a2c39e90264f33305004495a9","hash":"80a6a0c2ccd511c60b657f272bafddb5f1a83267"}
,"D:\\plugg\\webbteknik 6\\Projekt\\mitt-fullstack-projekt\\backend\\models\\gameSessionModel.js": {"path":"D:\\plugg\\webbteknik 6\\Projekt\\mitt-fullstack-projekt\\backend\\models\\gameSessionModel.js","statementMap":{"0":{"start":{"line":4,"column":26},"end":{"line":14,"column":2}}},"fnMap":{},"branchMap":{},"s":{"0":2},"f":{},"b":{},"_coverageSchema":"1a1c01bbd47fc00a2c39e90264f33305004495a9","hash":"777855f0c6211ac0023334cfcbb62819a5fe7d22"}
,"D:\\plugg\\webbteknik 6\\Projekt\\mitt-fullstack-projekt\\backend\\models\\quizModel.js": {"path":"D:\\plugg\\webbteknik 6\\Projekt\\mitt-fullstack-projekt\\backend\\models\\quizModel.js","statementMap":{"0":{"start":{"line":3,"column":21},"end":{"line":10,"column":2}},"1":{"start":{"line":12,"column":28},"end":{"line":19,"column":2}},"2":{"start":{"line":21,"column":23},"end":{"line":34,"column":2}},"3":{"start":{"line":36,"column":19},"end":{"line":38,"column":2}},"4":{"start":{"line":41,"column":26},"end":{"line":48,"column":2}},"5":{"start":{"line":50,"column":22},"end":{"line":52,"column":2}},"6":{"start":{"line":55,"column":16},"end":{"line":55,"column":56}},"7":{"start":{"line":56,"column":13},"end":{"line":56,"column":47}}},"fnMap":{},"branchMap":{},"s":{"0":2,"1":2,"2":2,"3":2,"4":2,"5":2,"6":2,"7":2},"f":{},"b":{},"_coverageSchema":"1a1c01bbd47fc00a2c39e90264f33305004495a9","hash":"112d953d31fac7eb4b65a5a1dbb8601b4075e876"}
,"D:\\plugg\\webbteknik 6\\Projekt\\mitt-fullstack-projekt\\backend\\routes\\gameSessionRoutes.js": {"path":"D:\\plugg\\webbteknik 6\\Projekt\\mitt-fullstack-projekt\\backend\\routes\\gameSessionRoutes.js","statementMap":{"0":{"start":{"line":4,"column":15},"end":{"line":4,"column":31}},"1":{"start":{"line":10,"column":0},"end":{"line":20,"column":3}},"2":{"start":{"line":11,"column":2},"end":{"line":19,"column":3}},"3":{"start":{"line":12,"column":37},"end":{"line":12,"column":45}},"4":{"start":{"line":13,"column":24},"end":{"line":13,"column":65}},"5":{"start":{"line":14,"column":27},"end":{"line":14,"column":51}},"6":{"start":{"line":15,"column":4},"end":{"line":15,"column":61}},"7":{"start":{"line":16,"column":4},"end":{"line":16,"column":41}},"8":{"start":{"line":18,"column":4},"end":{"line":18,"column":53}},"9":{"start":{"line":24,"column":0},"end":{"line":32,"column":3}},"10":{"start":{"line":25,"column":2},"end":{"line":31,"column":3}},"11":{"start":{"line":26,"column":25},"end":{"line":26,"column":49}},"12":{"start":{"line":27,"column":4},"end":{"line":27,"column":27}},"13":{"start":{"line":28,"column":4},"end":{"line":28,"column":55}},"14":{"start":{"line":30,"column":4},"end":{"line":30,"column":51}},"15":{"start":{"line":37,"column":0},"end":{"line":47,"column":3}},"16":{"start":{"line":38,"column":2},"end":{"line":46,"column":3}},"17":{"start":{"line":39,"column":20},"end":{"line":39,"column":104}},"18":{"start":{"line":40,"column":4},"end":{"line":42,"column":5}},"19":{"start":{"line":41,"column":6},"end":{"line":41,"column":65}},"20":{"start":{"line":43,"column":4},"end":{"line":43,"column":22}},"21":{"start":{"line":45,"column":4},"end":{"line":45,"column":53}},"22":{"start":{"line":55,"column":0},"end":{"line":78,"column":3}},"23":{"start":{"line":56,"column":46},"end":{"line":56,"column":54}},"24":{"start":{"line":57,"column":32},"end":{"line":57,"column":47}},"25":{"start":{"line":58,"column":2},"end":{"line":77,"column":3}},"26":{"start":{"line":59,"column":20},"end":{"line":59,"column":82}},"27":{"start":{"line":61,"column":4},"end":{"line":63,"column":5}},"28":{"start":{"line":62,"column":6},"end":{"line":62,"column":65}},"29":{"start":{"line":65,"column":35},"end":{"line":65,"column":111}},"30":{"start":{"line":65,"column":66},"end":{"line":65,"column":110}},"31":{"start":{"line":66,"column":4},"end":{"line":68,"column":5}},"32":{"start":{"line":67,"column":6},"end":{"line":67,"column":79}},"33":{"start":{"line":70,"column":4},"end":{"line":70,"column":81}},"34":{"start":{"line":71,"column":4},"end":{"line":71,"column":25}},"35":{"start":{"line":73,"column":4},"end":{"line":73,"column":59}},"36":{"start":{"line":74,"column":4},"end":{"line":74,"column":22}},"37":{"start":{"line":76,"column":4},"end":{"line":76,"column":53}}},"fnMap":{"0":{"name":"(anonymous_0)","decl":{"start":{"line":10,"column":17},"end":{"line":10,"column":18}},"loc":{"start":{"line":10,"column":37},"end":{"line":20,"column":1}},"line":10},"1":{"name":"(anonymous_1)","decl":{"start":{"line":24,"column":16},"end":{"line":24,"column":17}},"loc":{"start":{"line":24,"column":36},"end":{"line":32,"column":1}},"line":24},"2":{"name":"(anonymous_2)","decl":{"start":{"line":37,"column":26},"end":{"line":37,"column":27}},"loc":{"start":{"line":37,"column":46},"end":{"line":47,"column":1}},"line":37},"3":{"name":"(anonymous_3)","decl":{"start":{"line":55,"column":35},"end":{"line":55,"column":36}},"loc":{"start":{"line":55,"column":55},"end":{"line":78,"column":1}},"line":55},"4":{"name":"(anonymous_4)","decl":{"start":{"line":65,"column":56},"end":{"line":65,"column":57}},"loc":{"start":{"line":65,"column":66},"end":{"line":65,"column":110}},"line":65}},"branchMap":{"0":{"loc":{"start":{"line":40,"column":4},"end":{"line":42,"column":5}},"type":"if","locations":[{"start":{"line":40,"column":4},"end":{"line":42,"column":5}},{"start":{},"end":{}}],"line":40},"1":{"loc":{"start":{"line":61,"column":4},"end":{"line":63,"column":5}},"type":"if","locations":[{"start":{"line":61,"column":4},"end":{"line":63,"column":5}},{"start":{},"end":{}}],"line":61},"2":{"loc":{"start":{"line":66,"column":4},"end":{"line":68,"column":5}},"type":"if","locations":[{"start":{"line":66,"column":4},"end":{"line":68,"column":5}},{"start":{},"end":{}}],"line":66}},"s":{"0":2,"1":2,"2":0,"3":0,"4":0,"5":0,"6":0,"7":0,"8":0,"9":2,"10":1,"11":1,"12":1,"13":1,"14":0,"15":2,"16":0,"17":0,"18":0,"19":0,"20":0,"21":0,"22":2,"23":0,"24":0,"25":0,"26":0,"27":0,"28":0,"29":0,"30":0,"31":0,"32":0,"33":0,"34":0,"35":0,"36":0,"37":0},"f":{"0":0,"1":1,"2":0,"3":0,"4":0},"b":{"0":[0,0],"1":[0,0],"2":[0,0]},"_coverageSchema":"1a1c01bbd47fc00a2c39e90264f33305004495a9","hash":"9d4422e14ffe771d1ff1c61fdaafb306a95e2a51"}
,"D:\\plugg\\webbteknik 6\\Projekt\\mitt-fullstack-projekt\\backend\\routes\\quizRoutes.js": {"path":"D:\\plugg\\webbteknik 6\\Projekt\\mitt-fullstack-projekt\\backend\\routes\\quizRoutes.js","statementMap":{"0":{"start":{"line":5,"column":15},"end":{"line":5,"column":31}},"1":{"start":{"line":8,"column":0},"end":{"line":15,"column":5}},"2":{"start":{"line":9,"column":4},"end":{"line":14,"column":5}},"3":{"start":{"line":10,"column":22},"end":{"line":10,"column":39}},"4":{"start":{"line":11,"column":6},"end":{"line":11,"column":24}},"5":{"start":{"line":13,"column":6},"end":{"line":13,"column":53}},"6":{"start":{"line":18,"column":0},"end":{"line":30,"column":3}},"7":{"start":{"line":19,"column":2},"end":{"line":29,"column":3}},"8":{"start":{"line":20,"column":25},"end":{"line":20,"column":27}},"9":{"start":{"line":21,"column":4},"end":{"line":25,"column":5}},"10":{"start":{"line":22,"column":19},"end":{"line":22,"column":37}},"11":{"start":{"line":23,"column":24},"end":{"line":23,"column":41}},"12":{"start":{"line":24,"column":6},"end":{"line":24,"column":35}},"13":{"start":{"line":26,"column":4},"end":{"line":26,"column":39}},"14":{"start":{"line":28,"column":4},"end":{"line":28,"column":54}},"15":{"start":{"line":33,"column":0},"end":{"line":48,"column":3}},"16":{"start":{"line":34,"column":2},"end":{"line":47,"column":3}},"17":{"start":{"line":35,"column":4},"end":{"line":35,"column":26}},"18":{"start":{"line":36,"column":25},"end":{"line":36,"column":27}},"19":{"start":{"line":37,"column":4},"end":{"line":42,"column":5}},"20":{"start":{"line":38,"column":6},"end":{"line":38,"column":49}},"21":{"start":{"line":39,"column":19},"end":{"line":39,"column":37}},"22":{"start":{"line":40,"column":24},"end":{"line":40,"column":41}},"23":{"start":{"line":41,"column":6},"end":{"line":41,"column":35}},"24":{"start":{"line":43,"column":4},"end":{"line":43,"column":39}},"25":{"start":{"line":45,"column":4},"end":{"line":45,"column":21}},"26":{"start":{"line":46,"column":4},"end":{"line":46,"column":51}},"27":{"start":{"line":50,"column":0},"end":{"line":57,"column":5}},"28":{"start":{"line":51,"column":4},"end":{"line":56,"column":5}},"29":{"start":{"line":52,"column":24},"end":{"line":52,"column":57}},"30":{"start":{"line":53,"column":6},"end":{"line":53,"column":26}},"31":{"start":{"line":55,"column":6},"end":{"line":55,"column":82}},"32":{"start":{"line":59,"column":2},"end":{"line":69,"column":5}},"33":{"start":{"line":60,"column":4},"end":{"line":68,"column":5}},"34":{"start":{"line":61,"column":27},"end":{"line":61,"column":60}},"35":{"start":{"line":62,"column":19},"end":{"line":62,"column":69}},"36":{"start":{"line":63,"column":24},"end":{"line":63,"column":41}},"37":{"start":{"line":64,"column":6},"end":{"line":64,"column":26}},"38":{"start":{"line":66,"column":6},"end":{"line":66,"column":27}},"39":{"start":{"line":67,"column":6},"end":{"line":67,"column":111}},"40":{"start":{"line":72,"column":0},"end":{"line":82,"column":3}},"41":{"start":{"line":73,"column":2},"end":{"line":81,"column":3}},"42":{"start":{"line":74,"column":17},"end":{"line":74,"column":51}},"43":{"start":{"line":75,"column":4},"end":{"line":77,"column":5}},"44":{"start":{"line":76,"column":6},"end":{"line":76,"column":67}},"45":{"start":{"line":78,"column":4},"end":{"line":78,"column":19}},"46":{"start":{"line":80,"column":4},"end":{"line":80,"column":58}}},"fnMap":{"0":{"name":"(anonymous_0)","decl":{"start":{"line":8,"column":16},"end":{"line":8,"column":17}},"loc":{"start":{"line":8,"column":36},"end":{"line":15,"column":3}},"line":8},"1":{"name":"(anonymous_1)","decl":{"start":{"line":18,"column":17},"end":{"line":18,"column":18}},"loc":{"start":{"line":18,"column":37},"end":{"line":30,"column":1}},"line":18},"2":{"name":"(anonymous_2)","decl":{"start":{"line":33,"column":24},"end":{"line":33,"column":25}},"loc":{"start":{"line":33,"column":44},"end":{"line":48,"column":1}},"line":33},"3":{"name":"(anonymous_3)","decl":{"start":{"line":50,"column":26},"end":{"line":50,"column":27}},"loc":{"start":{"line":50,"column":46},"end":{"line":57,"column":3}},"line":50},"4":{"name":"(anonymous_4)","decl":{"start":{"line":59,"column":31},"end":{"line":59,"column":32}},"loc":{"start":{"line":59,"column":51},"end":{"line":69,"column":3}},"line":59},"5":{"name":"(anonymous_5)","decl":{"start":{"line":72,"column":27},"end":{"line":72,"column":28}},"loc":{"start":{"line":72,"column":47},"end":{"line":82,"column":1}},"line":72}},"branchMap":{"0":{"loc":{"start":{"line":75,"column":4},"end":{"line":77,"column":5}},"type":"if","locations":[{"start":{"line":75,"column":4},"end":{"line":77,"column":5}},{"start":{},"end":{}}],"line":75}},"s":{"0":2,"1":2,"2":1,"3":1,"4":1,"5":0,"6":2,"7":0,"8":0,"9":0,"10":0,"11":0,"12":0,"13":0,"14":0,"15":2,"16":0,"17":0,"18":0,"19":0,"20":0,"21":0,"22":0,"23":0,"24":0,"25":0,"26":0,"27":2,"28":0,"29":0,"30":0,"31":0,"32":2,"33":0,"34":0,"35":0,"36":0,"37":0,"38":0,"39":0,"40":2,"41":0,"42":0,"43":0,"44":0,"45":0,"46":0},"f":{"0":1,"1":0,"2":0,"3":0,"4":0,"5":0},"b":{"0":[0,0]},"_coverageSchema":"1a1c01bbd47fc00a2c39e90264f33305004495a9","hash":"566afa000ecbcf64ce3d4e5ffcf0368798ef7630"}
}
