TN:
SF:index.js
FN:14,(anonymous_0)
FN:15,(anonymous_1)
FN:34,(anonymous_2)
FN:39,(anonymous_3)
FN:47,(anonymous_4)
FN:49,(anonymous_5)
FNF:6
FNH:4
FNDA:2,(anonymous_0)
FNDA:0,(anonymous_1)
FNDA:1,(anonymous_2)
FNDA:0,(anonymous_3)
FNDA:4,(anonymous_4)
FNDA:2,(anonymous_5)
DA:10,2
DA:13,2
DA:14,2
DA:15,0
DA:17,2
DA:19,2
DA:20,2
DA:21,2
DA:22,2
DA:25,2
DA:34,2
DA:35,1
DA:39,2
DA:40,0
DA:41,0
DA:47,2
DA:48,4
DA:49,2
DA:50,2
DA:52,2
DA:54,2
DA:55,2
DA:59,2
LF:23
LH:20
BRDA:48,0,0,2
BRDA:48,0,1,2
BRF:2
BRH:2
end_of_record
TN:
SF:integrations\quizApiIntegration.js
FN:7,(anonymous_0)
FN:18,(anonymous_1)
FN:22,(anonymous_2)
FN:24,(anonymous_3)
FN:37,(anonymous_4)
FN:44,(anonymous_5)
FNF:6
FNH:2
FNDA:1,(anonymous_0)
FNDA:1,(anonymous_1)
FNDA:0,(anonymous_2)
FNDA:0,(anonymous_3)
FNDA:0,(anonymous_4)
FNDA:0,(anonymous_5)
DA:4,2
DA:7,2
DA:8,1
DA:10,1
DA:18,1
DA:21,0
DA:22,0
DA:24,0
DA:27,0
DA:28,0
DA:31,1
DA:32,1
DA:37,2
DA:38,0
DA:40,0
DA:43,0
DA:44,0
DA:50,0
DA:53,0
DA:54,0
LF:20
LH:8
BRF:0
BRH:0
end_of_record
TN:
SF:models\gameSessionModel.js
FNF:0
FNH:0
DA:4,2
LF:1
LH:1
BRF:0
BRH:0
end_of_record
TN:
SF:models\quizModel.js
FNF:0
FNH:0
DA:3,2
DA:12,2
DA:21,2
DA:36,2
DA:41,2
DA:50,2
DA:55,2
DA:56,2
LF:8
LH:8
BRF:0
BRH:0
end_of_record
TN:
SF:routes\gameSessionRoutes.js
FN:10,(anonymous_0)
FN:24,(anonymous_1)
FN:37,(anonymous_2)
FN:55,(anonymous_3)
FN:65,(anonymous_4)
FNF:5
FNH:1
FNDA:0,(anonymous_0)
FNDA:1,(anonymous_1)
FNDA:0,(anonymous_2)
FNDA:0,(anonymous_3)
FNDA:0,(anonymous_4)
DA:4,2
DA:10,2
DA:11,0
DA:12,0
DA:13,0
DA:14,0
DA:15,0
DA:16,0
DA:18,0
DA:24,2
DA:25,1
DA:26,1
DA:27,1
DA:28,1
DA:30,0
DA:37,2
DA:38,0
DA:39,0
DA:40,0
DA:41,0
DA:43,0
DA:45,0
DA:55,2
DA:56,0
DA:57,0
DA:58,0
DA:59,0
DA:61,0
DA:62,0
DA:65,0
DA:66,0
DA:67,0
DA:70,0
DA:71,0
DA:73,0
DA:74,0
DA:76,0
LF:37
LH:9
BRDA:40,0,0,0
BRDA:40,0,1,0
BRDA:61,1,0,0
BRDA:61,1,1,0
BRDA:66,2,0,0
BRDA:66,2,1,0
BRF:6
BRH:0
end_of_record
TN:
SF:routes\quizRoutes.js
FN:8,(anonymous_0)
FN:18,(anonymous_1)
FN:33,(anonymous_2)
FN:50,(anonymous_3)
FN:59,(anonymous_4)
FN:72,(anonymous_5)
FNF:6
FNH:1
FNDA:1,(anonymous_0)
FNDA:0,(anonymous_1)
FNDA:0,(anonymous_2)
FNDA:0,(anonymous_3)
FNDA:0,(anonymous_4)
FNDA:0,(anonymous_5)
DA:5,2
DA:8,2
DA:9,1
DA:10,1
DA:11,1
DA:13,0
DA:18,2
DA:19,0
DA:20,0
DA:21,0
DA:22,0
DA:23,0
DA:24,0
DA:26,0
DA:28,0
DA:33,2
DA:34,0
DA:35,0
DA:36,0
DA:37,0
DA:38,0
DA:39,0
DA:40,0
DA:41,0
DA:43,0
DA:45,0
DA:46,0
DA:50,2
DA:51,0
DA:52,0
DA:53,0
DA:55,0
DA:59,2
DA:60,0
DA:61,0
DA:62,0
DA:63,0
DA:64,0
DA:66,0
DA:67,0
DA:72,2
DA:73,0
DA:74,0
DA:75,0
DA:76,0
DA:78,0
DA:80,0
LF:47
LH:10
BRDA:75,0,0,0
BRDA:75,0,1,0
BRF:2
BRH:0
end_of_record
